{"D:\\RS_SCHOOL\\st3\\react-course-forms\\src\\App.tsx": {"path":"D:\\RS_SCHOOL\\st3\\react-course-forms\\src\\App.tsx","all":false,"statementMap":{"0":{"start":{"line":1,"column":0},"end":{"line":1,"column":33}},"1":{"start":{"line":2,"column":0},"end":{"line":2,"column":43}},"2":{"start":{"line":3,"column":0},"end":{"line":3,"column":71}},"3":{"start":{"line":4,"column":0},"end":{"line":4,"column":53}},"4":{"start":{"line":5,"column":0},"end":{"line":5,"column":47}},"5":{"start":{"line":6,"column":0},"end":{"line":6,"column":79}},"6":{"start":{"line":7,"column":0},"end":{"line":7,"column":34}},"10":{"start":{"line":11,"column":0},"end":{"line":11,"column":16}},"11":{"start":{"line":12,"column":0},"end":{"line":12,"column":47}},"12":{"start":{"line":13,"column":0},"end":{"line":13,"column":67}},"14":{"start":{"line":15,"column":0},"end":{"line":15,"column":10}},"15":{"start":{"line":16,"column":0},"end":{"line":16,"column":27}},"16":{"start":{"line":17,"column":0},"end":{"line":17,"column":43}},"18":{"start":{"line":19,"column":0},"end":{"line":19,"column":33}},"19":{"start":{"line":20,"column":0},"end":{"line":20,"column":74}},"21":{"start":{"line":22,"column":0},"end":{"line":22,"column":17}},"22":{"start":{"line":23,"column":0},"end":{"line":23,"column":65}},"24":{"start":{"line":25,"column":0},"end":{"line":25,"column":17}},"25":{"start":{"line":26,"column":0},"end":{"line":26,"column":12}},"27":{"start":{"line":28,"column":0},"end":{"line":28,"column":34}},"28":{"start":{"line":29,"column":0},"end":{"line":29,"column":47}},"29":{"start":{"line":30,"column":0},"end":{"line":30,"column":12}},"31":{"start":{"line":32,"column":0},"end":{"line":32,"column":12}},"32":{"start":{"line":33,"column":0},"end":{"line":33,"column":30}},"33":{"start":{"line":34,"column":0},"end":{"line":34,"column":37}},"34":{"start":{"line":35,"column":0},"end":{"line":35,"column":72}},"36":{"start":{"line":37,"column":0},"end":{"line":37,"column":71}},"37":{"start":{"line":38,"column":0},"end":{"line":38,"column":37}},"38":{"start":{"line":39,"column":0},"end":{"line":39,"column":62}},"40":{"start":{"line":41,"column":0},"end":{"line":41,"column":14}},"41":{"start":{"line":42,"column":0},"end":{"line":42,"column":10}},"43":{"start":{"line":44,"column":0},"end":{"line":44,"column":1}},"45":{"start":{"line":46,"column":0},"end":{"line":46,"column":19}}},"s":{"0":1,"1":1,"2":1,"3":1,"4":1,"5":1,"6":1,"10":6,"11":6,"12":6,"14":6,"15":6,"16":6,"18":6,"19":6,"21":6,"22":6,"24":6,"25":6,"27":6,"28":6,"29":6,"31":6,"32":6,"33":6,"34":6,"36":6,"37":6,"38":1,"40":6,"41":6,"43":6,"45":1},"branchMap":{"0":{"type":"branch","line":11,"loc":{"start":{"line":11,"column":0},"end":{"line":44,"column":1}},"locations":[{"start":{"line":11,"column":0},"end":{"line":44,"column":1}}]},"1":{"type":"branch","line":35,"loc":{"start":{"line":35,"column":24},"end":{"line":35,"column":52}},"locations":[{"start":{"line":35,"column":24},"end":{"line":35,"column":52}}]},"2":{"type":"branch","line":35,"loc":{"start":{"line":35,"column":32},"end":{"line":35,"column":72}},"locations":[{"start":{"line":35,"column":32},"end":{"line":35,"column":72}}]},"3":{"type":"branch","line":37,"loc":{"start":{"line":37,"column":18},"end":{"line":37,"column":71}},"locations":[{"start":{"line":37,"column":18},"end":{"line":37,"column":71}}]},"4":{"type":"branch","line":38,"loc":{"start":{"line":38,"column":18},"end":{"line":39,"column":62}},"locations":[{"start":{"line":38,"column":18},"end":{"line":39,"column":62}}]},"5":{"type":"branch","line":13,"loc":{"start":{"line":13,"column":37},"end":{"line":13,"column":65}},"locations":[{"start":{"line":13,"column":37},"end":{"line":13,"column":65}}]},"6":{"type":"branch","line":20,"loc":{"start":{"line":20,"column":43},"end":{"line":20,"column":74}},"locations":[{"start":{"line":20,"column":43},"end":{"line":20,"column":74}}]},"7":{"type":"branch","line":23,"loc":{"start":{"line":23,"column":43},"end":{"line":23,"column":65}},"locations":[{"start":{"line":23,"column":43},"end":{"line":23,"column":65}}]},"8":{"type":"branch","line":34,"loc":{"start":{"line":34,"column":17},"end":{"line":34,"column":37}},"locations":[{"start":{"line":34,"column":17},"end":{"line":34,"column":37}}]}},"b":{"0":[6],"1":[1],"2":[5],"3":[1],"4":[1],"5":[9],"6":[1],"7":[1],"8":[1]},"fnMap":{"0":{"name":"App","decl":{"start":{"line":11,"column":0},"end":{"line":44,"column":1}},"loc":{"start":{"line":11,"column":0},"end":{"line":44,"column":1}},"line":11},"1":{"name":"onClick","decl":{"start":{"line":20,"column":43},"end":{"line":20,"column":74}},"loc":{"start":{"line":20,"column":43},"end":{"line":20,"column":74}},"line":20},"2":{"name":"onClick","decl":{"start":{"line":23,"column":43},"end":{"line":23,"column":65}},"loc":{"start":{"line":23,"column":43},"end":{"line":23,"column":65}},"line":23},"3":{"name":"onClose","decl":{"start":{"line":34,"column":17},"end":{"line":34,"column":37}},"loc":{"start":{"line":34,"column":17},"end":{"line":34,"column":37}},"line":34},"4":{"name":"onSuccess","decl":{"start":{"line":37,"column":47},"end":{"line":37,"column":68}},"loc":{"start":{"line":37,"column":47},"end":{"line":37,"column":68}},"line":37},"5":{"name":"onSuccess","decl":{"start":{"line":39,"column":39},"end":{"line":39,"column":60}},"loc":{"start":{"line":39,"column":39},"end":{"line":39,"column":60}},"line":39}},"f":{"0":6,"1":1,"2":1,"3":1,"4":0,"5":0}}
,"D:\\RS_SCHOOL\\st3\\react-course-forms\\src\\components\\Forms\\validation.ts": {"path":"D:\\RS_SCHOOL\\st3\\react-course-forms\\src\\components\\Forms\\validation.ts","all":false,"statementMap":{"0":{"start":{"line":1,"column":0},"end":{"line":1,"column":27}},"3":{"start":{"line":4,"column":0},"end":{"line":4,"column":61}},"4":{"start":{"line":5,"column":0},"end":{"line":5,"column":33}},"5":{"start":{"line":6,"column":0},"end":{"line":6,"column":57}},"7":{"start":{"line":8,"column":0},"end":{"line":8,"column":70}},"8":{"start":{"line":9,"column":0},"end":{"line":9,"column":20}},"9":{"start":{"line":10,"column":0},"end":{"line":10,"column":62}},"10":{"start":{"line":11,"column":0},"end":{"line":11,"column":33}},"11":{"start":{"line":12,"column":0},"end":{"line":12,"column":19}},"12":{"start":{"line":13,"column":0},"end":{"line":13,"column":38}},"13":{"start":{"line":14,"column":0},"end":{"line":14,"column":38}},"14":{"start":{"line":15,"column":0},"end":{"line":15,"column":37}},"15":{"start":{"line":16,"column":0},"end":{"line":16,"column":32}},"16":{"start":{"line":17,"column":0},"end":{"line":17,"column":74}},"17":{"start":{"line":18,"column":0},"end":{"line":18,"column":24}},"18":{"start":{"line":19,"column":0},"end":{"line":19,"column":13}},"19":{"start":{"line":20,"column":0},"end":{"line":20,"column":25}},"20":{"start":{"line":21,"column":0},"end":{"line":21,"column":94}},"21":{"start":{"line":22,"column":0},"end":{"line":22,"column":5}},"22":{"start":{"line":23,"column":0},"end":{"line":23,"column":36}},"23":{"start":{"line":24,"column":0},"end":{"line":24,"column":37}},"24":{"start":{"line":25,"column":0},"end":{"line":25,"column":31}},"25":{"start":{"line":26,"column":0},"end":{"line":26,"column":59}},"26":{"start":{"line":27,"column":0},"end":{"line":27,"column":39}},"27":{"start":{"line":28,"column":0},"end":{"line":28,"column":29}},"28":{"start":{"line":29,"column":0},"end":{"line":29,"column":56}},"29":{"start":{"line":30,"column":0},"end":{"line":30,"column":31}},"30":{"start":{"line":31,"column":0},"end":{"line":31,"column":25}},"31":{"start":{"line":32,"column":0},"end":{"line":32,"column":60}},"32":{"start":{"line":33,"column":0},"end":{"line":33,"column":15}},"33":{"start":{"line":34,"column":0},"end":{"line":34,"column":53}},"35":{"start":{"line":36,"column":0},"end":{"line":36,"column":51}},"36":{"start":{"line":37,"column":0},"end":{"line":37,"column":14}}},"s":{"0":1,"3":1,"4":1,"5":1,"7":1,"8":1,"9":1,"10":1,"11":1,"12":1,"13":1,"14":1,"15":1,"16":1,"17":1,"18":1,"19":1,"20":1,"21":1,"22":1,"23":1,"24":1,"25":1,"26":1,"27":1,"28":1,"29":1,"30":1,"31":1,"32":1,"33":1,"35":1,"36":1},"branchMap":{},"b":{},"fnMap":{},"f":{}}
,"D:\\RS_SCHOOL\\st3\\react-course-forms\\src\\components\\Forms\\RHFForm\\RHFForm.tsx": {"path":"D:\\RS_SCHOOL\\st3\\react-course-forms\\src\\components\\Forms\\RHFForm\\RHFForm.tsx","all":false,"statementMap":{"0":{"start":{"line":1,"column":0},"end":{"line":1,"column":70}},"1":{"start":{"line":2,"column":0},"end":{"line":2,"column":65}},"2":{"start":{"line":3,"column":0},"end":{"line":3,"column":62}},"3":{"start":{"line":4,"column":0},"end":{"line":4,"column":54}},"4":{"start":{"line":5,"column":0},"end":{"line":5,"column":43}},"5":{"start":{"line":6,"column":0},"end":{"line":6,"column":59}},"6":{"start":{"line":7,"column":0},"end":{"line":7,"column":8}},"11":{"start":{"line":12,"column":0},"end":{"line":12,"column":36}},"15":{"start":{"line":16,"column":0},"end":{"line":16,"column":47}},"16":{"start":{"line":17,"column":0},"end":{"line":17,"column":36}},"17":{"start":{"line":18,"column":0},"end":{"line":18,"column":62}},"19":{"start":{"line":20,"column":0},"end":{"line":20,"column":9}},"20":{"start":{"line":21,"column":0},"end":{"line":21,"column":13}},"21":{"start":{"line":22,"column":0},"end":{"line":22,"column":17}},"22":{"start":{"line":23,"column":0},"end":{"line":23,"column":49}},"23":{"start":{"line":24,"column":0},"end":{"line":24,"column":13}},"24":{"start":{"line":25,"column":0},"end":{"line":25,"column":13}},"25":{"start":{"line":26,"column":0},"end":{"line":26,"column":16}},"26":{"start":{"line":27,"column":0},"end":{"line":27,"column":10}},"27":{"start":{"line":28,"column":0},"end":{"line":28,"column":10}},"28":{"start":{"line":29,"column":0},"end":{"line":29,"column":29}},"29":{"start":{"line":30,"column":0},"end":{"line":30,"column":38}},"30":{"start":{"line":31,"column":0},"end":{"line":31,"column":21}},"31":{"start":{"line":32,"column":0},"end":{"line":32,"column":20}},"32":{"start":{"line":33,"column":0},"end":{"line":33,"column":15}},"33":{"start":{"line":34,"column":0},"end":{"line":34,"column":13}},"34":{"start":{"line":35,"column":0},"end":{"line":35,"column":16}},"35":{"start":{"line":36,"column":0},"end":{"line":36,"column":19}},"36":{"start":{"line":37,"column":0},"end":{"line":37,"column":26}},"37":{"start":{"line":38,"column":0},"end":{"line":38,"column":22}},"38":{"start":{"line":39,"column":0},"end":{"line":39,"column":22}},"39":{"start":{"line":40,"column":0},"end":{"line":40,"column":18}},"40":{"start":{"line":41,"column":0},"end":{"line":41,"column":26}},"41":{"start":{"line":42,"column":0},"end":{"line":42,"column":6}},"42":{"start":{"line":43,"column":0},"end":{"line":43,"column":5}},"44":{"start":{"line":45,"column":0},"end":{"line":45,"column":74}},"45":{"start":{"line":46,"column":0},"end":{"line":46,"column":34}},"46":{"start":{"line":47,"column":0},"end":{"line":47,"column":13}},"47":{"start":{"line":48,"column":0},"end":{"line":48,"column":64}},"48":{"start":{"line":49,"column":0},"end":{"line":49,"column":35}},"49":{"start":{"line":50,"column":0},"end":{"line":50,"column":13}},"50":{"start":{"line":51,"column":0},"end":{"line":51,"column":5}},"51":{"start":{"line":52,"column":0},"end":{"line":52,"column":9}},"52":{"start":{"line":53,"column":0},"end":{"line":53,"column":40}},"53":{"start":{"line":54,"column":0},"end":{"line":54,"column":63}},"54":{"start":{"line":55,"column":0},"end":{"line":55,"column":35}},"55":{"start":{"line":56,"column":0},"end":{"line":56,"column":19}},"56":{"start":{"line":57,"column":0},"end":{"line":57,"column":70}},"57":{"start":{"line":58,"column":0},"end":{"line":58,"column":64}},"58":{"start":{"line":59,"column":0},"end":{"line":59,"column":66}},"59":{"start":{"line":60,"column":0},"end":{"line":60,"column":5}},"60":{"start":{"line":61,"column":0},"end":{"line":61,"column":4}},"62":{"start":{"line":63,"column":0},"end":{"line":63,"column":59}},"63":{"start":{"line":64,"column":0},"end":{"line":64,"column":53}},"64":{"start":{"line":65,"column":0},"end":{"line":65,"column":16}},"65":{"start":{"line":66,"column":0},"end":{"line":66,"column":12}},"66":{"start":{"line":67,"column":0},"end":{"line":67,"column":4}},"68":{"start":{"line":69,"column":0},"end":{"line":69,"column":43}},"69":{"start":{"line":70,"column":0},"end":{"line":70,"column":43}},"70":{"start":{"line":71,"column":0},"end":{"line":71,"column":40}},"71":{"start":{"line":72,"column":0},"end":{"line":72,"column":28}},"73":{"start":{"line":74,"column":0},"end":{"line":74,"column":10}},"74":{"start":{"line":75,"column":0},"end":{"line":75,"column":74}},"75":{"start":{"line":76,"column":0},"end":{"line":76,"column":29}},"76":{"start":{"line":77,"column":0},"end":{"line":77,"column":50}},"78":{"start":{"line":79,"column":0},"end":{"line":79,"column":16}},"79":{"start":{"line":80,"column":0},"end":{"line":80,"column":14}},"80":{"start":{"line":81,"column":0},"end":{"line":81,"column":19}},"81":{"start":{"line":82,"column":0},"end":{"line":82,"column":29}},"82":{"start":{"line":83,"column":0},"end":{"line":83,"column":31}},"83":{"start":{"line":84,"column":0},"end":{"line":84,"column":28}},"84":{"start":{"line":85,"column":0},"end":{"line":85,"column":10}},"85":{"start":{"line":86,"column":0},"end":{"line":86,"column":52}},"86":{"start":{"line":87,"column":0},"end":{"line":87,"column":32}},"87":{"start":{"line":88,"column":0},"end":{"line":88,"column":14}},"88":{"start":{"line":89,"column":0},"end":{"line":89,"column":12}},"90":{"start":{"line":91,"column":0},"end":{"line":91,"column":29}},"91":{"start":{"line":92,"column":0},"end":{"line":92,"column":49}},"93":{"start":{"line":94,"column":0},"end":{"line":94,"column":16}},"94":{"start":{"line":95,"column":0},"end":{"line":95,"column":14}},"95":{"start":{"line":96,"column":0},"end":{"line":96,"column":18}},"96":{"start":{"line":97,"column":0},"end":{"line":97,"column":29}},"97":{"start":{"line":98,"column":0},"end":{"line":98,"column":23}},"98":{"start":{"line":99,"column":0},"end":{"line":99,"column":17}},"99":{"start":{"line":100,"column":0},"end":{"line":100,"column":55}},"100":{"start":{"line":101,"column":0},"end":{"line":101,"column":26}},"101":{"start":{"line":102,"column":0},"end":{"line":102,"column":10}},"102":{"start":{"line":103,"column":0},"end":{"line":103,"column":52}},"103":{"start":{"line":104,"column":0},"end":{"line":104,"column":31}},"104":{"start":{"line":105,"column":0},"end":{"line":105,"column":14}},"105":{"start":{"line":106,"column":0},"end":{"line":106,"column":12}},"107":{"start":{"line":108,"column":0},"end":{"line":108,"column":29}},"108":{"start":{"line":109,"column":0},"end":{"line":109,"column":51}},"110":{"start":{"line":111,"column":0},"end":{"line":111,"column":16}},"111":{"start":{"line":112,"column":0},"end":{"line":112,"column":14}},"112":{"start":{"line":113,"column":0},"end":{"line":113,"column":20}},"113":{"start":{"line":114,"column":0},"end":{"line":114,"column":29}},"114":{"start":{"line":115,"column":0},"end":{"line":115,"column":22}},"115":{"start":{"line":116,"column":0},"end":{"line":116,"column":32}},"116":{"start":{"line":117,"column":0},"end":{"line":117,"column":40}},"117":{"start":{"line":118,"column":0},"end":{"line":118,"column":10}},"118":{"start":{"line":119,"column":0},"end":{"line":119,"column":52}},"119":{"start":{"line":120,"column":0},"end":{"line":120,"column":33}},"120":{"start":{"line":121,"column":0},"end":{"line":121,"column":14}},"121":{"start":{"line":122,"column":0},"end":{"line":122,"column":12}},"123":{"start":{"line":124,"column":0},"end":{"line":124,"column":29}},"124":{"start":{"line":125,"column":0},"end":{"line":125,"column":54}},"126":{"start":{"line":127,"column":0},"end":{"line":127,"column":16}},"127":{"start":{"line":128,"column":0},"end":{"line":128,"column":14}},"128":{"start":{"line":129,"column":0},"end":{"line":129,"column":23}},"129":{"start":{"line":130,"column":0},"end":{"line":130,"column":29}},"130":{"start":{"line":131,"column":0},"end":{"line":131,"column":25}},"131":{"start":{"line":132,"column":0},"end":{"line":132,"column":35}},"132":{"start":{"line":133,"column":0},"end":{"line":133,"column":32}},"133":{"start":{"line":134,"column":0},"end":{"line":134,"column":10}},"134":{"start":{"line":135,"column":0},"end":{"line":135,"column":36}},"135":{"start":{"line":136,"column":0},"end":{"line":136,"column":34}},"136":{"start":{"line":137,"column":0},"end":{"line":137,"column":30}},"137":{"start":{"line":138,"column":0},"end":{"line":138,"column":19}},"138":{"start":{"line":139,"column":0},"end":{"line":139,"column":23}},"139":{"start":{"line":140,"column":0},"end":{"line":140,"column":70}},"140":{"start":{"line":141,"column":0},"end":{"line":141,"column":16}},"141":{"start":{"line":142,"column":0},"end":{"line":142,"column":15}},"142":{"start":{"line":143,"column":0},"end":{"line":143,"column":16}},"143":{"start":{"line":144,"column":0},"end":{"line":144,"column":49}},"144":{"start":{"line":145,"column":0},"end":{"line":145,"column":14}},"145":{"start":{"line":146,"column":0},"end":{"line":146,"column":52}},"146":{"start":{"line":147,"column":0},"end":{"line":147,"column":36}},"147":{"start":{"line":148,"column":0},"end":{"line":148,"column":14}},"148":{"start":{"line":149,"column":0},"end":{"line":149,"column":12}},"150":{"start":{"line":151,"column":0},"end":{"line":151,"column":29}},"151":{"start":{"line":152,"column":0},"end":{"line":152,"column":61}},"153":{"start":{"line":154,"column":0},"end":{"line":154,"column":16}},"154":{"start":{"line":155,"column":0},"end":{"line":155,"column":14}},"155":{"start":{"line":156,"column":0},"end":{"line":156,"column":30}},"156":{"start":{"line":157,"column":0},"end":{"line":157,"column":29}},"157":{"start":{"line":158,"column":0},"end":{"line":158,"column":25}},"158":{"start":{"line":159,"column":0},"end":{"line":159,"column":42}},"159":{"start":{"line":160,"column":0},"end":{"line":160,"column":32}},"160":{"start":{"line":161,"column":0},"end":{"line":161,"column":10}},"161":{"start":{"line":162,"column":0},"end":{"line":162,"column":52}},"162":{"start":{"line":163,"column":0},"end":{"line":163,"column":43}},"163":{"start":{"line":164,"column":0},"end":{"line":164,"column":14}},"164":{"start":{"line":165,"column":0},"end":{"line":165,"column":12}},"166":{"start":{"line":167,"column":0},"end":{"line":167,"column":29}},"167":{"start":{"line":168,"column":0},"end":{"line":168,"column":47}},"168":{"start":{"line":169,"column":0},"end":{"line":169,"column":39}},"169":{"start":{"line":170,"column":0},"end":{"line":170,"column":17}},"170":{"start":{"line":171,"column":0},"end":{"line":171,"column":18}},"171":{"start":{"line":172,"column":0},"end":{"line":172,"column":26}},"172":{"start":{"line":173,"column":0},"end":{"line":173,"column":26}},"173":{"start":{"line":174,"column":0},"end":{"line":174,"column":57}},"174":{"start":{"line":175,"column":0},"end":{"line":175,"column":19}},"176":{"start":{"line":177,"column":0},"end":{"line":177,"column":18}},"177":{"start":{"line":178,"column":0},"end":{"line":178,"column":17}},"178":{"start":{"line":179,"column":0},"end":{"line":179,"column":18}},"179":{"start":{"line":180,"column":0},"end":{"line":180,"column":26}},"180":{"start":{"line":181,"column":0},"end":{"line":181,"column":28}},"181":{"start":{"line":182,"column":0},"end":{"line":182,"column":57}},"182":{"start":{"line":183,"column":0},"end":{"line":183,"column":19}},"184":{"start":{"line":185,"column":0},"end":{"line":185,"column":18}},"185":{"start":{"line":186,"column":0},"end":{"line":186,"column":17}},"186":{"start":{"line":187,"column":0},"end":{"line":187,"column":18}},"187":{"start":{"line":188,"column":0},"end":{"line":188,"column":26}},"188":{"start":{"line":189,"column":0},"end":{"line":189,"column":27}},"189":{"start":{"line":190,"column":0},"end":{"line":190,"column":57}},"190":{"start":{"line":191,"column":0},"end":{"line":191,"column":19}},"192":{"start":{"line":193,"column":0},"end":{"line":193,"column":18}},"193":{"start":{"line":194,"column":0},"end":{"line":194,"column":14}},"194":{"start":{"line":195,"column":0},"end":{"line":195,"column":52}},"195":{"start":{"line":196,"column":0},"end":{"line":196,"column":34}},"196":{"start":{"line":197,"column":0},"end":{"line":197,"column":14}},"197":{"start":{"line":198,"column":0},"end":{"line":198,"column":12}},"199":{"start":{"line":200,"column":0},"end":{"line":200,"column":29}},"200":{"start":{"line":201,"column":0},"end":{"line":201,"column":60}},"201":{"start":{"line":202,"column":0},"end":{"line":202,"column":75}},"202":{"start":{"line":203,"column":0},"end":{"line":203,"column":50}},"203":{"start":{"line":204,"column":0},"end":{"line":204,"column":16}},"204":{"start":{"line":205,"column":0},"end":{"line":205,"column":52}},"205":{"start":{"line":206,"column":0},"end":{"line":206,"column":36}},"206":{"start":{"line":207,"column":0},"end":{"line":207,"column":14}},"207":{"start":{"line":208,"column":0},"end":{"line":208,"column":12}},"209":{"start":{"line":210,"column":0},"end":{"line":210,"column":29}},"210":{"start":{"line":211,"column":0},"end":{"line":211,"column":53}},"212":{"start":{"line":213,"column":0},"end":{"line":213,"column":16}},"213":{"start":{"line":214,"column":0},"end":{"line":214,"column":14}},"214":{"start":{"line":215,"column":0},"end":{"line":215,"column":22}},"215":{"start":{"line":216,"column":0},"end":{"line":216,"column":29}},"216":{"start":{"line":217,"column":0},"end":{"line":217,"column":31}},"217":{"start":{"line":218,"column":0},"end":{"line":218,"column":47}},"218":{"start":{"line":219,"column":0},"end":{"line":219,"column":34}},"219":{"start":{"line":220,"column":0},"end":{"line":220,"column":10}},"220":{"start":{"line":221,"column":0},"end":{"line":221,"column":38}},"221":{"start":{"line":222,"column":0},"end":{"line":222,"column":33}},"222":{"start":{"line":223,"column":0},"end":{"line":223,"column":40}},"223":{"start":{"line":224,"column":0},"end":{"line":224,"column":13}},"224":{"start":{"line":225,"column":0},"end":{"line":225,"column":19}},"225":{"start":{"line":226,"column":0},"end":{"line":226,"column":52}},"226":{"start":{"line":227,"column":0},"end":{"line":227,"column":35}},"227":{"start":{"line":228,"column":0},"end":{"line":228,"column":14}},"228":{"start":{"line":229,"column":0},"end":{"line":229,"column":12}},"230":{"start":{"line":231,"column":0},"end":{"line":231,"column":29}},"231":{"start":{"line":232,"column":0},"end":{"line":232,"column":53}},"233":{"start":{"line":234,"column":0},"end":{"line":234,"column":16}},"234":{"start":{"line":235,"column":0},"end":{"line":235,"column":14}},"235":{"start":{"line":236,"column":0},"end":{"line":236,"column":22}},"236":{"start":{"line":237,"column":0},"end":{"line":237,"column":21}},"237":{"start":{"line":238,"column":0},"end":{"line":238,"column":39}},"238":{"start":{"line":239,"column":0},"end":{"line":239,"column":33}},"239":{"start":{"line":240,"column":0},"end":{"line":240,"column":10}},"240":{"start":{"line":241,"column":0},"end":{"line":241,"column":52}},"241":{"start":{"line":242,"column":0},"end":{"line":242,"column":41}},"242":{"start":{"line":243,"column":0},"end":{"line":243,"column":14}},"243":{"start":{"line":244,"column":0},"end":{"line":244,"column":12}},"245":{"start":{"line":246,"column":0},"end":{"line":246,"column":33}},"246":{"start":{"line":247,"column":0},"end":{"line":247,"column":15}},"247":{"start":{"line":248,"column":0},"end":{"line":248,"column":23}},"248":{"start":{"line":249,"column":0},"end":{"line":249,"column":36}},"249":{"start":{"line":250,"column":0},"end":{"line":250,"column":37}},"250":{"start":{"line":251,"column":0},"end":{"line":251,"column":9}},"252":{"start":{"line":253,"column":0},"end":{"line":253,"column":17}},"253":{"start":{"line":254,"column":0},"end":{"line":254,"column":15}},"254":{"start":{"line":255,"column":0},"end":{"line":255,"column":23}},"255":{"start":{"line":256,"column":0},"end":{"line":256,"column":27}},"256":{"start":{"line":257,"column":0},"end":{"line":257,"column":45}},"257":{"start":{"line":258,"column":0},"end":{"line":258,"column":9}},"259":{"start":{"line":260,"column":0},"end":{"line":260,"column":17}},"260":{"start":{"line":261,"column":0},"end":{"line":261,"column":12}},"261":{"start":{"line":262,"column":0},"end":{"line":262,"column":11}},"263":{"start":{"line":264,"column":0},"end":{"line":264,"column":1}}},"s":{"0":1,"1":1,"2":1,"3":1,"4":1,"5":1,"6":1,"11":1,"15":1,"16":60,"17":60,"19":60,"20":60,"21":60,"22":60,"23":60,"24":60,"25":60,"26":60,"27":60,"28":60,"29":60,"30":60,"31":60,"32":60,"33":60,"34":60,"35":60,"36":60,"37":60,"38":60,"39":60,"40":60,"41":60,"42":60,"44":60,"45":0,"46":0,"47":0,"48":0,"49":0,"50":0,"51":0,"52":0,"53":0,"54":0,"55":0,"56":0,"57":0,"58":0,"59":0,"60":0,"62":60,"63":1,"64":1,"65":1,"66":1,"68":60,"69":60,"70":60,"71":60,"73":60,"74":60,"75":60,"76":60,"78":60,"79":60,"80":60,"81":60,"82":60,"83":60,"84":60,"85":60,"86":60,"87":60,"88":60,"90":60,"91":60,"93":60,"94":60,"95":60,"96":60,"97":60,"98":60,"99":60,"100":60,"101":60,"102":60,"103":60,"104":60,"105":60,"107":60,"108":60,"110":60,"111":60,"112":60,"113":60,"114":60,"115":60,"116":60,"117":60,"118":60,"119":60,"120":60,"121":60,"123":60,"124":60,"126":60,"127":60,"128":60,"129":60,"130":60,"131":60,"132":60,"133":60,"134":60,"135":60,"136":60,"137":240,"138":240,"139":240,"140":240,"141":60,"142":60,"143":60,"144":60,"145":60,"146":60,"147":60,"148":60,"150":60,"151":60,"153":60,"154":60,"155":60,"156":60,"157":60,"158":60,"159":60,"160":60,"161":60,"162":60,"163":60,"164":60,"166":60,"167":60,"168":60,"169":60,"170":60,"171":60,"172":60,"173":60,"174":60,"176":60,"177":60,"178":60,"179":60,"180":60,"181":60,"182":60,"184":60,"185":60,"186":60,"187":60,"188":60,"189":60,"190":60,"192":60,"193":60,"194":60,"195":60,"196":60,"197":60,"199":60,"200":60,"201":60,"202":60,"203":60,"204":60,"205":60,"206":60,"207":60,"209":60,"210":60,"212":60,"213":60,"214":60,"215":60,"216":60,"217":60,"218":60,"219":60,"220":60,"221":60,"222":600,"223":60,"224":60,"225":60,"226":60,"227":60,"228":60,"230":60,"231":60,"233":60,"234":60,"235":60,"236":60,"237":60,"238":60,"239":60,"240":60,"241":60,"242":60,"243":60,"245":60,"246":60,"247":60,"248":60,"249":60,"250":60,"252":60,"253":60,"254":60,"255":60,"256":60,"257":60,"259":60,"260":60,"261":60,"263":60},"branchMap":{"0":{"type":"branch","line":16,"loc":{"start":{"line":16,"column":7},"end":{"line":264,"column":1}},"locations":[{"start":{"line":16,"column":7},"end":{"line":264,"column":1}}]},"1":{"type":"branch","line":69,"loc":{"start":{"line":69,"column":35},"end":{"line":69,"column":43}},"locations":[{"start":{"line":69,"column":35},"end":{"line":69,"column":43}}]},"2":{"type":"branch","line":87,"loc":{"start":{"line":87,"column":18},"end":{"line":87,"column":32}},"locations":[{"start":{"line":87,"column":18},"end":{"line":87,"column":32}}]},"3":{"type":"branch","line":104,"loc":{"start":{"line":104,"column":18},"end":{"line":104,"column":31}},"locations":[{"start":{"line":104,"column":18},"end":{"line":104,"column":31}}]},"4":{"type":"branch","line":120,"loc":{"start":{"line":120,"column":18},"end":{"line":120,"column":33}},"locations":[{"start":{"line":120,"column":18},"end":{"line":120,"column":33}}]},"5":{"type":"branch","line":147,"loc":{"start":{"line":147,"column":18},"end":{"line":147,"column":36}},"locations":[{"start":{"line":147,"column":18},"end":{"line":147,"column":36}}]},"6":{"type":"branch","line":163,"loc":{"start":{"line":163,"column":18},"end":{"line":163,"column":43}},"locations":[{"start":{"line":163,"column":18},"end":{"line":163,"column":43}}]},"7":{"type":"branch","line":196,"loc":{"start":{"line":196,"column":18},"end":{"line":196,"column":34}},"locations":[{"start":{"line":196,"column":18},"end":{"line":196,"column":34}}]},"8":{"type":"branch","line":206,"loc":{"start":{"line":206,"column":18},"end":{"line":206,"column":36}},"locations":[{"start":{"line":206,"column":18},"end":{"line":206,"column":36}}]},"9":{"type":"branch","line":227,"loc":{"start":{"line":227,"column":18},"end":{"line":227,"column":35}},"locations":[{"start":{"line":227,"column":18},"end":{"line":227,"column":35}}]},"10":{"type":"branch","line":242,"loc":{"start":{"line":242,"column":18},"end":{"line":242,"column":41}},"locations":[{"start":{"line":242,"column":18},"end":{"line":242,"column":41}}]},"11":{"type":"branch","line":257,"loc":{"start":{"line":257,"column":21},"end":{"line":257,"column":45}},"locations":[{"start":{"line":257,"column":21},"end":{"line":257,"column":45}}]},"12":{"type":"branch","line":18,"loc":{"start":{"line":18,"column":35},"end":{"line":18,"column":60}},"locations":[{"start":{"line":18,"column":35},"end":{"line":18,"column":60}}]},"13":{"type":"branch","line":63,"loc":{"start":{"line":63,"column":48},"end":{"line":67,"column":4}},"locations":[{"start":{"line":63,"column":48},"end":{"line":67,"column":4}}]},"14":{"type":"branch","line":137,"loc":{"start":{"line":137,"column":22},"end":{"line":141,"column":16}},"locations":[{"start":{"line":137,"column":22},"end":{"line":141,"column":16}}]},"15":{"type":"branch","line":140,"loc":{"start":{"line":140,"column":47},"end":{"line":140,"column":65}},"locations":[{"start":{"line":140,"column":47},"end":{"line":140,"column":65}}]},"16":{"type":"branch","line":140,"loc":{"start":{"line":140,"column":53},"end":{"line":140,"column":67}},"locations":[{"start":{"line":140,"column":53},"end":{"line":140,"column":67}}]},"17":{"type":"branch","line":222,"loc":{"start":{"line":222,"column":25},"end":{"line":223,"column":40}},"locations":[{"start":{"line":222,"column":25},"end":{"line":223,"column":40}}]}},"b":{"0":[60],"1":[0],"2":[1],"3":[1],"4":[15],"5":[27],"6":[2],"7":[0],"8":[0],"9":[0],"10":[0],"11":[3],"12":[67],"13":[1],"14":[240],"15":[125],"16":[115],"17":[600]},"fnMap":{"0":{"name":"RHFForm","decl":{"start":{"line":16,"column":7},"end":{"line":264,"column":1}},"loc":{"start":{"line":16,"column":7},"end":{"line":264,"column":1}},"line":16},"1":{"name":"onFileChange","decl":{"start":{"line":45,"column":23},"end":{"line":61,"column":4}},"loc":{"start":{"line":45,"column":23},"end":{"line":61,"column":4}},"line":45},"2":{"name":"onSubmit","decl":{"start":{"line":63,"column":48},"end":{"line":67,"column":4}},"loc":{"start":{"line":63,"column":48},"end":{"line":67,"column":4}},"line":63},"3":{"name":"onClick","decl":{"start":{"line":250,"column":19},"end":{"line":250,"column":37}},"loc":{"start":{"line":250,"column":19},"end":{"line":250,"column":37}},"line":250}},"f":{"0":60,"1":0,"2":1,"3":0}}
,"D:\\RS_SCHOOL\\st3\\react-course-forms\\src\\components\\Forms\\UncontrolledForm\\UncontrolledForm.tsx": {"path":"D:\\RS_SCHOOL\\st3\\react-course-forms\\src\\components\\Forms\\UncontrolledForm\\UncontrolledForm.tsx","all":false,"statementMap":{"0":{"start":{"line":1,"column":0},"end":{"line":1,"column":33}},"1":{"start":{"line":2,"column":0},"end":{"line":2,"column":27}},"2":{"start":{"line":3,"column":0},"end":{"line":3,"column":70}},"3":{"start":{"line":4,"column":0},"end":{"line":4,"column":65}},"4":{"start":{"line":5,"column":0},"end":{"line":5,"column":43}},"5":{"start":{"line":6,"column":0},"end":{"line":6,"column":59}},"6":{"start":{"line":7,"column":0},"end":{"line":7,"column":8}},"11":{"start":{"line":12,"column":0},"end":{"line":12,"column":36}},"19":{"start":{"line":20,"column":0},"end":{"line":20,"column":44}},"20":{"start":{"line":21,"column":0},"end":{"line":21,"column":57}},"21":{"start":{"line":22,"column":0},"end":{"line":22,"column":1}},"23":{"start":{"line":24,"column":0},"end":{"line":24,"column":56}},"24":{"start":{"line":25,"column":0},"end":{"line":25,"column":36}},"25":{"start":{"line":26,"column":0},"end":{"line":26,"column":62}},"26":{"start":{"line":27,"column":0},"end":{"line":27,"column":51}},"27":{"start":{"line":28,"column":0},"end":{"line":28,"column":69}},"29":{"start":{"line":30,"column":0},"end":{"line":30,"column":64}},"30":{"start":{"line":31,"column":0},"end":{"line":31,"column":23}},"31":{"start":{"line":32,"column":0},"end":{"line":32,"column":18}},"32":{"start":{"line":33,"column":0},"end":{"line":33,"column":33}},"33":{"start":{"line":34,"column":0},"end":{"line":34,"column":34}},"35":{"start":{"line":36,"column":0},"end":{"line":36,"column":9}},"36":{"start":{"line":37,"column":0},"end":{"line":37,"column":18}},"37":{"start":{"line":38,"column":0},"end":{"line":38,"column":79}},"38":{"start":{"line":39,"column":0},"end":{"line":39,"column":13}},"39":{"start":{"line":40,"column":0},"end":{"line":40,"column":67}},"41":{"start":{"line":42,"column":0},"end":{"line":42,"column":43}},"42":{"start":{"line":43,"column":0},"end":{"line":43,"column":75}},"44":{"start":{"line":45,"column":0},"end":{"line":45,"column":34}},"45":{"start":{"line":46,"column":0},"end":{"line":46,"column":43}},"46":{"start":{"line":47,"column":0},"end":{"line":47,"column":41}},"47":{"start":{"line":48,"column":0},"end":{"line":48,"column":45}},"48":{"start":{"line":49,"column":0},"end":{"line":49,"column":51}},"49":{"start":{"line":50,"column":0},"end":{"line":50,"column":65}},"50":{"start":{"line":51,"column":0},"end":{"line":51,"column":15}},"51":{"start":{"line":52,"column":0},"end":{"line":52,"column":46}},"52":{"start":{"line":53,"column":0},"end":{"line":53,"column":49}},"53":{"start":{"line":54,"column":0},"end":{"line":54,"column":22}},"54":{"start":{"line":55,"column":0},"end":{"line":55,"column":8}},"56":{"start":{"line":57,"column":0},"end":{"line":57,"column":61}},"58":{"start":{"line":59,"column":0},"end":{"line":59,"column":64}},"59":{"start":{"line":60,"column":0},"end":{"line":60,"column":18}},"60":{"start":{"line":61,"column":0},"end":{"line":61,"column":19}},"61":{"start":{"line":62,"column":0},"end":{"line":62,"column":29}},"62":{"start":{"line":63,"column":0},"end":{"line":63,"column":28}},"63":{"start":{"line":64,"column":0},"end":{"line":64,"column":30}},"65":{"start":{"line":66,"column":0},"end":{"line":66,"column":47}},"66":{"start":{"line":67,"column":0},"end":{"line":67,"column":31}},"67":{"start":{"line":68,"column":0},"end":{"line":68,"column":37}},"68":{"start":{"line":69,"column":0},"end":{"line":69,"column":70}},"69":{"start":{"line":70,"column":0},"end":{"line":70,"column":13}},"70":{"start":{"line":71,"column":0},"end":{"line":71,"column":30}},"71":{"start":{"line":72,"column":0},"end":{"line":72,"column":39}},"72":{"start":{"line":73,"column":0},"end":{"line":73,"column":9}},"73":{"start":{"line":74,"column":0},"end":{"line":74,"column":40}},"74":{"start":{"line":75,"column":0},"end":{"line":75,"column":41}},"75":{"start":{"line":76,"column":0},"end":{"line":76,"column":7}},"77":{"start":{"line":78,"column":0},"end":{"line":78,"column":22}},"78":{"start":{"line":79,"column":0},"end":{"line":79,"column":5}},"79":{"start":{"line":80,"column":0},"end":{"line":80,"column":3}},"81":{"start":{"line":82,"column":0},"end":{"line":82,"column":50}},"82":{"start":{"line":83,"column":0},"end":{"line":83,"column":40}},"83":{"start":{"line":84,"column":0},"end":{"line":84,"column":28}},"85":{"start":{"line":86,"column":0},"end":{"line":86,"column":10}},"86":{"start":{"line":87,"column":0},"end":{"line":87,"column":60}},"87":{"start":{"line":88,"column":0},"end":{"line":88,"column":29}},"88":{"start":{"line":89,"column":0},"end":{"line":89,"column":50}},"90":{"start":{"line":91,"column":0},"end":{"line":91,"column":16}},"91":{"start":{"line":92,"column":0},"end":{"line":92,"column":14}},"92":{"start":{"line":93,"column":0},"end":{"line":93,"column":29}},"93":{"start":{"line":94,"column":0},"end":{"line":94,"column":19}},"94":{"start":{"line":95,"column":0},"end":{"line":95,"column":21}},"95":{"start":{"line":96,"column":0},"end":{"line":96,"column":21}},"96":{"start":{"line":97,"column":0},"end":{"line":97,"column":28}},"97":{"start":{"line":98,"column":0},"end":{"line":98,"column":10}},"98":{"start":{"line":99,"column":0},"end":{"line":99,"column":52}},"99":{"start":{"line":100,"column":0},"end":{"line":100,"column":23}},"100":{"start":{"line":101,"column":0},"end":{"line":101,"column":14}},"101":{"start":{"line":102,"column":0},"end":{"line":102,"column":12}},"103":{"start":{"line":104,"column":0},"end":{"line":104,"column":29}},"104":{"start":{"line":105,"column":0},"end":{"line":105,"column":49}},"106":{"start":{"line":107,"column":0},"end":{"line":107,"column":16}},"107":{"start":{"line":108,"column":0},"end":{"line":108,"column":14}},"108":{"start":{"line":109,"column":0},"end":{"line":109,"column":29}},"109":{"start":{"line":110,"column":0},"end":{"line":110,"column":18}},"110":{"start":{"line":111,"column":0},"end":{"line":111,"column":20}},"111":{"start":{"line":112,"column":0},"end":{"line":112,"column":23}},"112":{"start":{"line":113,"column":0},"end":{"line":113,"column":17}},"113":{"start":{"line":114,"column":0},"end":{"line":114,"column":26}},"114":{"start":{"line":115,"column":0},"end":{"line":115,"column":10}},"115":{"start":{"line":116,"column":0},"end":{"line":116,"column":52}},"116":{"start":{"line":117,"column":0},"end":{"line":117,"column":22}},"117":{"start":{"line":118,"column":0},"end":{"line":118,"column":14}},"118":{"start":{"line":119,"column":0},"end":{"line":119,"column":12}},"120":{"start":{"line":121,"column":0},"end":{"line":121,"column":29}},"121":{"start":{"line":122,"column":0},"end":{"line":122,"column":51}},"123":{"start":{"line":124,"column":0},"end":{"line":124,"column":16}},"124":{"start":{"line":125,"column":0},"end":{"line":125,"column":14}},"125":{"start":{"line":126,"column":0},"end":{"line":126,"column":29}},"126":{"start":{"line":127,"column":0},"end":{"line":127,"column":20}},"127":{"start":{"line":128,"column":0},"end":{"line":128,"column":22}},"128":{"start":{"line":129,"column":0},"end":{"line":129,"column":22}},"129":{"start":{"line":130,"column":0},"end":{"line":130,"column":40}},"130":{"start":{"line":131,"column":0},"end":{"line":131,"column":10}},"131":{"start":{"line":132,"column":0},"end":{"line":132,"column":52}},"132":{"start":{"line":133,"column":0},"end":{"line":133,"column":24}},"133":{"start":{"line":134,"column":0},"end":{"line":134,"column":14}},"134":{"start":{"line":135,"column":0},"end":{"line":135,"column":12}},"136":{"start":{"line":137,"column":0},"end":{"line":137,"column":29}},"137":{"start":{"line":138,"column":0},"end":{"line":138,"column":54}},"139":{"start":{"line":140,"column":0},"end":{"line":140,"column":16}},"140":{"start":{"line":141,"column":0},"end":{"line":141,"column":14}},"141":{"start":{"line":142,"column":0},"end":{"line":142,"column":29}},"142":{"start":{"line":143,"column":0},"end":{"line":143,"column":23}},"143":{"start":{"line":144,"column":0},"end":{"line":144,"column":25}},"144":{"start":{"line":145,"column":0},"end":{"line":145,"column":25}},"145":{"start":{"line":146,"column":0},"end":{"line":146,"column":62}},"146":{"start":{"line":147,"column":0},"end":{"line":147,"column":32}},"147":{"start":{"line":148,"column":0},"end":{"line":148,"column":10}},"149":{"start":{"line":150,"column":0},"end":{"line":150,"column":36}},"150":{"start":{"line":151,"column":0},"end":{"line":151,"column":34}},"151":{"start":{"line":152,"column":0},"end":{"line":152,"column":30}},"152":{"start":{"line":153,"column":0},"end":{"line":153,"column":19}},"153":{"start":{"line":154,"column":0},"end":{"line":154,"column":23}},"154":{"start":{"line":155,"column":0},"end":{"line":155,"column":70}},"155":{"start":{"line":156,"column":0},"end":{"line":156,"column":16}},"156":{"start":{"line":157,"column":0},"end":{"line":157,"column":15}},"157":{"start":{"line":158,"column":0},"end":{"line":158,"column":16}},"158":{"start":{"line":159,"column":0},"end":{"line":159,"column":49}},"159":{"start":{"line":160,"column":0},"end":{"line":160,"column":14}},"160":{"start":{"line":161,"column":0},"end":{"line":161,"column":52}},"161":{"start":{"line":162,"column":0},"end":{"line":162,"column":27}},"162":{"start":{"line":163,"column":0},"end":{"line":163,"column":14}},"163":{"start":{"line":164,"column":0},"end":{"line":164,"column":12}},"165":{"start":{"line":166,"column":0},"end":{"line":166,"column":29}},"166":{"start":{"line":167,"column":0},"end":{"line":167,"column":61}},"168":{"start":{"line":169,"column":0},"end":{"line":169,"column":16}},"169":{"start":{"line":170,"column":0},"end":{"line":170,"column":14}},"170":{"start":{"line":171,"column":0},"end":{"line":171,"column":29}},"171":{"start":{"line":172,"column":0},"end":{"line":172,"column":30}},"172":{"start":{"line":173,"column":0},"end":{"line":173,"column":32}},"173":{"start":{"line":174,"column":0},"end":{"line":174,"column":25}},"174":{"start":{"line":175,"column":0},"end":{"line":175,"column":32}},"175":{"start":{"line":176,"column":0},"end":{"line":176,"column":10}},"176":{"start":{"line":177,"column":0},"end":{"line":177,"column":52}},"177":{"start":{"line":178,"column":0},"end":{"line":178,"column":34}},"178":{"start":{"line":179,"column":0},"end":{"line":179,"column":14}},"179":{"start":{"line":180,"column":0},"end":{"line":180,"column":12}},"181":{"start":{"line":182,"column":0},"end":{"line":182,"column":29}},"182":{"start":{"line":183,"column":0},"end":{"line":183,"column":47}},"183":{"start":{"line":184,"column":0},"end":{"line":184,"column":39}},"184":{"start":{"line":185,"column":0},"end":{"line":185,"column":17}},"185":{"start":{"line":186,"column":0},"end":{"line":186,"column":66}},"186":{"start":{"line":187,"column":0},"end":{"line":187,"column":18}},"187":{"start":{"line":188,"column":0},"end":{"line":188,"column":17}},"188":{"start":{"line":189,"column":0},"end":{"line":189,"column":70}},"189":{"start":{"line":190,"column":0},"end":{"line":190,"column":18}},"190":{"start":{"line":191,"column":0},"end":{"line":191,"column":17}},"191":{"start":{"line":192,"column":0},"end":{"line":192,"column":68}},"192":{"start":{"line":193,"column":0},"end":{"line":193,"column":18}},"193":{"start":{"line":194,"column":0},"end":{"line":194,"column":14}},"194":{"start":{"line":195,"column":0},"end":{"line":195,"column":52}},"195":{"start":{"line":196,"column":0},"end":{"line":196,"column":25}},"196":{"start":{"line":197,"column":0},"end":{"line":197,"column":14}},"197":{"start":{"line":198,"column":0},"end":{"line":198,"column":12}},"199":{"start":{"line":200,"column":0},"end":{"line":200,"column":29}},"200":{"start":{"line":201,"column":0},"end":{"line":201,"column":41}},"201":{"start":{"line":202,"column":0},"end":{"line":202,"column":65}},"202":{"start":{"line":203,"column":0},"end":{"line":203,"column":50}},"203":{"start":{"line":204,"column":0},"end":{"line":204,"column":16}},"204":{"start":{"line":205,"column":0},"end":{"line":205,"column":52}},"205":{"start":{"line":206,"column":0},"end":{"line":206,"column":27}},"206":{"start":{"line":207,"column":0},"end":{"line":207,"column":14}},"207":{"start":{"line":208,"column":0},"end":{"line":208,"column":12}},"209":{"start":{"line":210,"column":0},"end":{"line":210,"column":29}},"210":{"start":{"line":211,"column":0},"end":{"line":211,"column":53}},"212":{"start":{"line":213,"column":0},"end":{"line":213,"column":16}},"213":{"start":{"line":214,"column":0},"end":{"line":214,"column":14}},"214":{"start":{"line":215,"column":0},"end":{"line":215,"column":22}},"215":{"start":{"line":216,"column":0},"end":{"line":216,"column":29}},"216":{"start":{"line":217,"column":0},"end":{"line":217,"column":24}},"217":{"start":{"line":218,"column":0},"end":{"line":218,"column":31}},"218":{"start":{"line":219,"column":0},"end":{"line":219,"column":47}},"219":{"start":{"line":220,"column":0},"end":{"line":220,"column":10}},"220":{"start":{"line":221,"column":0},"end":{"line":221,"column":38}},"221":{"start":{"line":222,"column":0},"end":{"line":222,"column":33}},"222":{"start":{"line":223,"column":0},"end":{"line":223,"column":40}},"223":{"start":{"line":224,"column":0},"end":{"line":224,"column":13}},"224":{"start":{"line":225,"column":0},"end":{"line":225,"column":19}},"225":{"start":{"line":226,"column":0},"end":{"line":226,"column":52}},"226":{"start":{"line":227,"column":0},"end":{"line":227,"column":26}},"227":{"start":{"line":228,"column":0},"end":{"line":228,"column":14}},"228":{"start":{"line":229,"column":0},"end":{"line":229,"column":12}},"230":{"start":{"line":231,"column":0},"end":{"line":231,"column":29}},"231":{"start":{"line":232,"column":0},"end":{"line":232,"column":53}},"233":{"start":{"line":234,"column":0},"end":{"line":234,"column":16}},"234":{"start":{"line":235,"column":0},"end":{"line":235,"column":14}},"235":{"start":{"line":236,"column":0},"end":{"line":236,"column":22}},"236":{"start":{"line":237,"column":0},"end":{"line":237,"column":24}},"237":{"start":{"line":238,"column":0},"end":{"line":238,"column":21}},"238":{"start":{"line":239,"column":0},"end":{"line":239,"column":39}},"239":{"start":{"line":240,"column":0},"end":{"line":240,"column":10}},"240":{"start":{"line":241,"column":0},"end":{"line":241,"column":52}},"241":{"start":{"line":242,"column":0},"end":{"line":242,"column":32}},"242":{"start":{"line":243,"column":0},"end":{"line":243,"column":14}},"243":{"start":{"line":244,"column":0},"end":{"line":244,"column":12}},"245":{"start":{"line":246,"column":0},"end":{"line":246,"column":33}},"246":{"start":{"line":247,"column":0},"end":{"line":247,"column":15}},"247":{"start":{"line":248,"column":0},"end":{"line":248,"column":23}},"248":{"start":{"line":249,"column":0},"end":{"line":249,"column":36}},"249":{"start":{"line":250,"column":0},"end":{"line":250,"column":37}},"250":{"start":{"line":251,"column":0},"end":{"line":251,"column":9}},"252":{"start":{"line":253,"column":0},"end":{"line":253,"column":17}},"253":{"start":{"line":254,"column":0},"end":{"line":254,"column":48}},"255":{"start":{"line":256,"column":0},"end":{"line":256,"column":17}},"256":{"start":{"line":257,"column":0},"end":{"line":257,"column":12}},"257":{"start":{"line":258,"column":0},"end":{"line":258,"column":11}},"259":{"start":{"line":260,"column":0},"end":{"line":260,"column":1}}},"s":{"0":1,"1":1,"2":1,"3":1,"4":1,"5":1,"6":1,"11":1,"19":4,"20":4,"21":4,"23":1,"24":38,"25":38,"26":38,"27":38,"29":38,"30":4,"31":4,"32":4,"33":4,"35":4,"36":4,"37":4,"38":4,"39":4,"41":4,"42":4,"44":4,"45":4,"46":4,"47":4,"48":4,"49":4,"50":4,"51":4,"52":4,"53":4,"54":4,"56":4,"58":2,"59":2,"60":2,"61":2,"62":2,"63":2,"65":2,"66":2,"67":2,"68":18,"69":2,"70":2,"71":0,"72":0,"73":2,"74":0,"75":0,"77":2,"78":2,"79":4,"81":38,"82":38,"83":38,"85":38,"86":38,"87":38,"88":38,"90":38,"91":38,"92":38,"93":38,"94":38,"95":38,"96":38,"97":38,"98":38,"99":38,"100":38,"101":38,"103":38,"104":38,"106":38,"107":38,"108":38,"109":38,"110":38,"111":38,"112":38,"113":38,"114":38,"115":38,"116":38,"117":38,"118":38,"120":38,"121":38,"123":38,"124":38,"125":38,"126":38,"127":38,"128":38,"129":38,"130":38,"131":38,"132":38,"133":38,"134":38,"136":38,"137":38,"139":38,"140":38,"141":38,"142":38,"143":38,"144":38,"145":38,"146":38,"147":38,"149":38,"150":38,"151":38,"152":152,"153":152,"154":152,"155":152,"156":38,"157":38,"158":38,"159":38,"160":38,"161":38,"162":38,"163":38,"165":38,"166":38,"168":38,"169":38,"170":38,"171":38,"172":38,"173":38,"174":38,"175":38,"176":38,"177":38,"178":38,"179":38,"181":38,"182":38,"183":38,"184":38,"185":38,"186":38,"187":38,"188":38,"189":38,"190":38,"191":38,"192":38,"193":38,"194":38,"195":38,"196":38,"197":38,"199":38,"200":38,"201":38,"202":38,"203":38,"204":38,"205":38,"206":38,"207":38,"209":38,"210":38,"212":38,"213":38,"214":38,"215":38,"216":38,"217":38,"218":38,"219":38,"220":38,"221":38,"222":380,"223":38,"224":38,"225":38,"226":38,"227":38,"228":38,"230":38,"231":38,"233":38,"234":38,"235":38,"236":38,"237":38,"238":38,"239":38,"240":38,"241":38,"242":38,"243":38,"245":38,"246":38,"247":38,"248":38,"249":38,"250":38,"252":38,"253":38,"255":38,"256":38,"257":38,"259":38},"branchMap":{"0":{"type":"branch","line":20,"loc":{"start":{"line":20,"column":0},"end":{"line":22,"column":1}},"locations":[{"start":{"line":20,"column":0},"end":{"line":22,"column":1}}]},"1":{"type":"branch","line":21,"loc":{"start":{"line":21,"column":15},"end":{"line":21,"column":43}},"locations":[{"start":{"line":21,"column":15},"end":{"line":21,"column":43}}]},"2":{"type":"branch","line":21,"loc":{"start":{"line":21,"column":31},"end":{"line":21,"column":57}},"locations":[{"start":{"line":21,"column":31},"end":{"line":21,"column":57}}]},"3":{"type":"branch","line":24,"loc":{"start":{"line":24,"column":7},"end":{"line":260,"column":1}},"locations":[{"start":{"line":24,"column":7},"end":{"line":260,"column":1}}]},"4":{"type":"branch","line":26,"loc":{"start":{"line":26,"column":35},"end":{"line":26,"column":60}},"locations":[{"start":{"line":26,"column":35},"end":{"line":26,"column":60}}]},"5":{"type":"branch","line":30,"loc":{"start":{"line":30,"column":2},"end":{"line":80,"column":3}},"locations":[{"start":{"line":30,"column":2},"end":{"line":80,"column":3}}]},"6":{"type":"branch","line":40,"loc":{"start":{"line":40,"column":28},"end":{"line":40,"column":62}},"locations":[{"start":{"line":40,"column":28},"end":{"line":40,"column":62}}]},"7":{"type":"branch","line":43,"loc":{"start":{"line":43,"column":49},"end":{"line":43,"column":67}},"locations":[{"start":{"line":43,"column":49},"end":{"line":43,"column":67}}]},"8":{"type":"branch","line":43,"loc":{"start":{"line":43,"column":53},"end":{"line":43,"column":75}},"locations":[{"start":{"line":43,"column":53},"end":{"line":43,"column":75}}]},"9":{"type":"branch","line":46,"loc":{"start":{"line":46,"column":34},"end":{"line":46,"column":41}},"locations":[{"start":{"line":46,"column":34},"end":{"line":46,"column":41}}]},"10":{"type":"branch","line":47,"loc":{"start":{"line":47,"column":32},"end":{"line":47,"column":39}},"locations":[{"start":{"line":47,"column":32},"end":{"line":47,"column":39}}]},"11":{"type":"branch","line":48,"loc":{"start":{"line":48,"column":36},"end":{"line":48,"column":43}},"locations":[{"start":{"line":48,"column":36},"end":{"line":48,"column":43}}]},"12":{"type":"branch","line":49,"loc":{"start":{"line":49,"column":42},"end":{"line":49,"column":49}},"locations":[{"start":{"line":49,"column":42},"end":{"line":49,"column":49}}]},"13":{"type":"branch","line":50,"loc":{"start":{"line":50,"column":56},"end":{"line":50,"column":63}},"locations":[{"start":{"line":50,"column":56},"end":{"line":50,"column":63}}]},"14":{"type":"branch","line":53,"loc":{"start":{"line":53,"column":40},"end":{"line":53,"column":47}},"locations":[{"start":{"line":53,"column":40},"end":{"line":53,"column":47}}]},"15":{"type":"branch","line":57,"loc":{"start":{"line":57,"column":59},"end":{"line":79,"column":5}},"locations":[{"start":{"line":57,"column":59},"end":{"line":79,"column":5}}]},"16":{"type":"branch","line":71,"loc":{"start":{"line":71,"column":8},"end":{"line":73,"column":9}},"locations":[{"start":{"line":71,"column":8},"end":{"line":73,"column":9}}]},"17":{"type":"branch","line":74,"loc":{"start":{"line":74,"column":6},"end":{"line":76,"column":7}},"locations":[{"start":{"line":74,"column":6},"end":{"line":76,"column":7}}]},"18":{"type":"branch","line":68,"loc":{"start":{"line":68,"column":28},"end":{"line":70,"column":11}},"locations":[{"start":{"line":68,"column":28},"end":{"line":70,"column":11}}]},"19":{"type":"branch","line":69,"loc":{"start":{"line":69,"column":43},"end":{"line":69,"column":70}},"locations":[{"start":{"line":69,"column":43},"end":{"line":69,"column":70}}]},"20":{"type":"branch","line":146,"loc":{"start":{"line":146,"column":20},"end":{"line":146,"column":62}},"locations":[{"start":{"line":146,"column":20},"end":{"line":146,"column":62}}]},"21":{"type":"branch","line":152,"loc":{"start":{"line":152,"column":22},"end":{"line":156,"column":16}},"locations":[{"start":{"line":152,"column":22},"end":{"line":156,"column":16}}]},"22":{"type":"branch","line":155,"loc":{"start":{"line":155,"column":47},"end":{"line":155,"column":65}},"locations":[{"start":{"line":155,"column":47},"end":{"line":155,"column":65}}]},"23":{"type":"branch","line":155,"loc":{"start":{"line":155,"column":53},"end":{"line":155,"column":67}},"locations":[{"start":{"line":155,"column":53},"end":{"line":155,"column":67}}]},"24":{"type":"branch","line":222,"loc":{"start":{"line":222,"column":25},"end":{"line":223,"column":40}},"locations":[{"start":{"line":222,"column":25},"end":{"line":223,"column":40}}]}},"b":{"0":[4],"1":[2],"2":[2],"3":[38],"4":[46],"5":[4],"6":[0],"7":[2],"8":[2],"9":[0],"10":[0],"11":[0],"12":[0],"13":[0],"14":[0],"15":[2],"16":[0],"17":[0],"18":[18],"19":[12],"20":[24],"21":[152],"22":[86],"23":[66],"24":[380]},"fnMap":{"0":{"name":"isGender","decl":{"start":{"line":20,"column":0},"end":{"line":22,"column":1}},"loc":{"start":{"line":20,"column":0},"end":{"line":22,"column":1}},"line":20},"1":{"name":"UncontrolledForm","decl":{"start":{"line":24,"column":7},"end":{"line":260,"column":1}},"loc":{"start":{"line":24,"column":7},"end":{"line":260,"column":1}},"line":24},"2":{"name":"onSubmit","decl":{"start":{"line":30,"column":2},"end":{"line":80,"column":3}},"loc":{"start":{"line":30,"column":2},"end":{"line":80,"column":3}},"line":30},"3":{"name":"onChange","decl":{"start":{"line":146,"column":20},"end":{"line":146,"column":62}},"loc":{"start":{"line":146,"column":20},"end":{"line":146,"column":62}},"line":146},"4":{"name":"onClick","decl":{"start":{"line":250,"column":19},"end":{"line":250,"column":37}},"loc":{"start":{"line":250,"column":19},"end":{"line":250,"column":37}},"line":250}},"f":{"0":4,"1":38,"2":4,"3":24,"4":0}}
,"D:\\RS_SCHOOL\\st3\\react-course-forms\\src\\components\\Modal\\Modal.tsx": {"path":"D:\\RS_SCHOOL\\st3\\react-course-forms\\src\\components\\Modal\\Modal.tsx","all":false,"statementMap":{"0":{"start":{"line":1,"column":0},"end":{"line":1,"column":49}},"1":{"start":{"line":2,"column":0},"end":{"line":2,"column":41}},"2":{"start":{"line":3,"column":0},"end":{"line":3,"column":36}},"4":{"start":{"line":5,"column":0},"end":{"line":5,"column":17}},"5":{"start":{"line":6,"column":0},"end":{"line":6,"column":77}},"14":{"start":{"line":15,"column":0},"end":{"line":15,"column":73}},"15":{"start":{"line":16,"column":0},"end":{"line":16,"column":49}},"16":{"start":{"line":17,"column":0},"end":{"line":17,"column":26}},"18":{"start":{"line":19,"column":0},"end":{"line":19,"column":19}},"19":{"start":{"line":20,"column":0},"end":{"line":20,"column":24}},"21":{"start":{"line":22,"column":0},"end":{"line":22,"column":54}},"22":{"start":{"line":23,"column":0},"end":{"line":23,"column":44}},"24":{"start":{"line":25,"column":0},"end":{"line":25,"column":75}},"26":{"start":{"line":27,"column":0},"end":{"line":27,"column":30}},"27":{"start":{"line":28,"column":0},"end":{"line":28,"column":37}},"28":{"start":{"line":29,"column":0},"end":{"line":29,"column":24}},"29":{"start":{"line":30,"column":0},"end":{"line":30,"column":63}},"30":{"start":{"line":31,"column":0},"end":{"line":31,"column":30}},"31":{"start":{"line":32,"column":0},"end":{"line":32,"column":6}},"32":{"start":{"line":33,"column":0},"end":{"line":33,"column":30}},"34":{"start":{"line":35,"column":0},"end":{"line":35,"column":45}},"35":{"start":{"line":36,"column":0},"end":{"line":36,"column":31}},"36":{"start":{"line":37,"column":0},"end":{"line":37,"column":28}},"37":{"start":{"line":38,"column":0},"end":{"line":38,"column":18}},"38":{"start":{"line":39,"column":0},"end":{"line":39,"column":15}},"39":{"start":{"line":40,"column":0},"end":{"line":40,"column":7}},"40":{"start":{"line":41,"column":0},"end":{"line":41,"column":28}},"41":{"start":{"line":42,"column":0},"end":{"line":42,"column":39}},"42":{"start":{"line":43,"column":0},"end":{"line":43,"column":26}},"44":{"start":{"line":45,"column":0},"end":{"line":45,"column":32}},"45":{"start":{"line":46,"column":0},"end":{"line":46,"column":55}},"46":{"start":{"line":47,"column":0},"end":{"line":47,"column":55}},"48":{"start":{"line":49,"column":0},"end":{"line":49,"column":32}},"49":{"start":{"line":50,"column":0},"end":{"line":50,"column":29}},"50":{"start":{"line":51,"column":0},"end":{"line":51,"column":23}},"51":{"start":{"line":52,"column":0},"end":{"line":52,"column":17}},"52":{"start":{"line":53,"column":0},"end":{"line":53,"column":9}},"54":{"start":{"line":55,"column":0},"end":{"line":55,"column":30}},"55":{"start":{"line":56,"column":0},"end":{"line":56,"column":43}},"56":{"start":{"line":57,"column":0},"end":{"line":57,"column":68}},"58":{"start":{"line":59,"column":0},"end":{"line":59,"column":25}},"59":{"start":{"line":60,"column":0},"end":{"line":60,"column":59}},"60":{"start":{"line":61,"column":0},"end":{"line":61,"column":25}},"61":{"start":{"line":62,"column":0},"end":{"line":62,"column":31}},"62":{"start":{"line":63,"column":0},"end":{"line":63,"column":11}},"63":{"start":{"line":64,"column":0},"end":{"line":64,"column":16}},"64":{"start":{"line":65,"column":0},"end":{"line":65,"column":58}},"65":{"start":{"line":66,"column":0},"end":{"line":66,"column":26}},"66":{"start":{"line":67,"column":0},"end":{"line":67,"column":31}},"67":{"start":{"line":68,"column":0},"end":{"line":68,"column":11}},"68":{"start":{"line":69,"column":0},"end":{"line":69,"column":9}},"69":{"start":{"line":70,"column":0},"end":{"line":70,"column":7}},"70":{"start":{"line":71,"column":0},"end":{"line":71,"column":6}},"72":{"start":{"line":73,"column":0},"end":{"line":73,"column":58}},"73":{"start":{"line":74,"column":0},"end":{"line":74,"column":18}},"74":{"start":{"line":75,"column":0},"end":{"line":75,"column":63}},"75":{"start":{"line":76,"column":0},"end":{"line":76,"column":50}},"76":{"start":{"line":77,"column":0},"end":{"line":77,"column":35}},"77":{"start":{"line":78,"column":0},"end":{"line":78,"column":6}},"78":{"start":{"line":79,"column":0},"end":{"line":79,"column":24}},"80":{"start":{"line":81,"column":0},"end":{"line":81,"column":27}},"82":{"start":{"line":83,"column":0},"end":{"line":83,"column":70}},"84":{"start":{"line":85,"column":0},"end":{"line":85,"column":42}},"85":{"start":{"line":86,"column":0},"end":{"line":86,"column":60}},"87":{"start":{"line":88,"column":0},"end":{"line":88,"column":22}},"88":{"start":{"line":89,"column":0},"end":{"line":89,"column":8}},"89":{"start":{"line":90,"column":0},"end":{"line":90,"column":28}},"90":{"start":{"line":91,"column":0},"end":{"line":91,"column":25}},"91":{"start":{"line":92,"column":0},"end":{"line":92,"column":35}},"93":{"start":{"line":94,"column":0},"end":{"line":94,"column":10}},"94":{"start":{"line":95,"column":0},"end":{"line":95,"column":28}},"95":{"start":{"line":96,"column":0},"end":{"line":96,"column":23}},"96":{"start":{"line":97,"column":0},"end":{"line":97,"column":21}},"97":{"start":{"line":98,"column":0},"end":{"line":98,"column":25}},"98":{"start":{"line":99,"column":0},"end":{"line":99,"column":53}},"99":{"start":{"line":100,"column":0},"end":{"line":100,"column":21}},"100":{"start":{"line":101,"column":0},"end":{"line":101,"column":26}},"102":{"start":{"line":103,"column":0},"end":{"line":103,"column":19}},"103":{"start":{"line":104,"column":0},"end":{"line":104,"column":47}},"104":{"start":{"line":105,"column":0},"end":{"line":105,"column":19}},"105":{"start":{"line":106,"column":0},"end":{"line":106,"column":15}},"108":{"start":{"line":109,"column":0},"end":{"line":109,"column":15}},"109":{"start":{"line":110,"column":0},"end":{"line":110,"column":23}},"110":{"start":{"line":111,"column":0},"end":{"line":111,"column":32}},"111":{"start":{"line":112,"column":0},"end":{"line":112,"column":34}},"112":{"start":{"line":113,"column":0},"end":{"line":113,"column":27}},"113":{"start":{"line":114,"column":0},"end":{"line":114,"column":9}},"115":{"start":{"line":116,"column":0},"end":{"line":116,"column":17}},"117":{"start":{"line":118,"column":0},"end":{"line":118,"column":18}},"118":{"start":{"line":119,"column":0},"end":{"line":119,"column":12}},"119":{"start":{"line":120,"column":0},"end":{"line":120,"column":11}},"120":{"start":{"line":121,"column":0},"end":{"line":121,"column":8}},"121":{"start":{"line":122,"column":0},"end":{"line":122,"column":4}},"122":{"start":{"line":123,"column":0},"end":{"line":123,"column":1}}},"s":{"0":1,"1":1,"2":1,"4":1,"5":1,"14":1,"15":13,"16":13,"18":13,"19":13,"21":8,"22":8,"24":8,"26":8,"27":8,"28":8,"29":4,"30":8,"31":8,"32":8,"34":8,"35":2,"36":2,"37":2,"38":2,"39":2,"40":0,"41":0,"42":0,"44":0,"45":0,"46":0,"48":0,"49":0,"50":0,"51":0,"52":0,"54":0,"55":0,"56":0,"58":0,"59":0,"60":0,"61":0,"62":0,"63":0,"64":0,"65":0,"66":0,"67":0,"68":0,"69":0,"70":2,"72":8,"73":8,"74":8,"75":8,"76":8,"77":8,"78":13,"80":13,"82":13,"84":13,"85":13,"87":13,"88":13,"89":13,"90":13,"91":13,"93":13,"94":13,"95":13,"96":13,"97":13,"98":13,"99":13,"100":13,"102":13,"103":8,"104":8,"105":8,"108":13,"109":13,"110":13,"111":13,"112":13,"113":13,"115":13,"117":13,"118":13,"119":13,"120":13,"121":13,"122":13},"branchMap":{"0":{"type":"branch","line":15,"loc":{"start":{"line":15,"column":7},"end":{"line":123,"column":1}},"locations":[{"start":{"line":15,"column":7},"end":{"line":123,"column":1}}]},"1":{"type":"branch","line":81,"loc":{"start":{"line":81,"column":15},"end":{"line":81,"column":27}},"locations":[{"start":{"line":81,"column":15},"end":{"line":81,"column":27}}]},"2":{"type":"branch","line":81,"loc":{"start":{"line":81,"column":22},"end":{"line":83,"column":56}},"locations":[{"start":{"line":81,"column":22},"end":{"line":83,"column":56}}]},"3":{"type":"branch","line":83,"loc":{"start":{"line":83,"column":51},"end":{"line":83,"column":70}},"locations":[{"start":{"line":83,"column":51},"end":{"line":83,"column":70}}]},"4":{"type":"branch","line":99,"loc":{"start":{"line":99,"column":25},"end":{"line":99,"column":43}},"locations":[{"start":{"line":99,"column":25},"end":{"line":99,"column":43}}]},"5":{"type":"branch","line":99,"loc":{"start":{"line":99,"column":33},"end":{"line":99,"column":53}},"locations":[{"start":{"line":99,"column":33},"end":{"line":99,"column":53}}]},"6":{"type":"branch","line":103,"loc":{"start":{"line":103,"column":9},"end":{"line":106,"column":15}},"locations":[{"start":{"line":103,"column":9},"end":{"line":106,"column":15}}]},"7":{"type":"branch","line":19,"loc":{"start":{"line":19,"column":12},"end":{"line":79,"column":5}},"locations":[{"start":{"line":19,"column":12},"end":{"line":79,"column":5}}]},"8":{"type":"branch","line":20,"loc":{"start":{"line":20,"column":17},"end":{"line":20,"column":24}},"locations":[{"start":{"line":20,"column":17},"end":{"line":20,"column":24}}]},"9":{"type":"branch","line":20,"loc":{"start":{"line":20,"column":17},"end":{"line":78,"column":6}},"locations":[{"start":{"line":20,"column":17},"end":{"line":78,"column":6}}]},"10":{"type":"branch","line":27,"loc":{"start":{"line":27,"column":23},"end":{"line":32,"column":6}},"locations":[{"start":{"line":27,"column":23},"end":{"line":32,"column":6}}]},"11":{"type":"branch","line":29,"loc":{"start":{"line":29,"column":17},"end":{"line":31,"column":16}},"locations":[{"start":{"line":29,"column":17},"end":{"line":31,"column":16}}]},"12":{"type":"branch","line":31,"loc":{"start":{"line":31,"column":7},"end":{"line":31,"column":22}},"locations":[{"start":{"line":31,"column":7},"end":{"line":31,"column":22}}]},"13":{"type":"branch","line":35,"loc":{"start":{"line":35,"column":22},"end":{"line":71,"column":6}},"locations":[{"start":{"line":35,"column":22},"end":{"line":71,"column":6}}]},"14":{"type":"branch","line":40,"loc":{"start":{"line":40,"column":6},"end":{"line":70,"column":7}},"locations":[{"start":{"line":40,"column":6},"end":{"line":70,"column":7}}]},"15":{"type":"branch","line":74,"loc":{"start":{"line":74,"column":11},"end":{"line":78,"column":6}},"locations":[{"start":{"line":74,"column":11},"end":{"line":78,"column":6}}]},"16":{"type":"branch","line":85,"loc":{"start":{"line":85,"column":26},"end":{"line":85,"column":42}},"locations":[{"start":{"line":85,"column":26},"end":{"line":85,"column":42}}]},"17":{"type":"branch","line":86,"loc":{"start":{"line":86,"column":15},"end":{"line":86,"column":60}},"locations":[{"start":{"line":86,"column":15},"end":{"line":86,"column":60}}]}},"b":{"0":[13],"1":[5],"2":[8],"3":[0],"4":[8],"5":[0],"6":[8],"7":[13],"8":[5],"9":[8],"10":[8],"11":[4],"12":[0],"13":[2],"14":[0],"15":[8],"16":[1],"17":[1]},"fnMap":{"0":{"name":"Modal","decl":{"start":{"line":15,"column":7},"end":{"line":123,"column":1}},"loc":{"start":{"line":15,"column":7},"end":{"line":123,"column":1}},"line":15},"1":{"name":"focusFirst","decl":{"start":{"line":27,"column":23},"end":{"line":32,"column":6}},"loc":{"start":{"line":27,"column":23},"end":{"line":32,"column":6}},"line":27},"2":{"name":"onKeyDown","decl":{"start":{"line":35,"column":22},"end":{"line":71,"column":6}},"loc":{"start":{"line":35,"column":22},"end":{"line":71,"column":6}},"line":35},"3":{"name":"closeOnBackdrop","decl":{"start":{"line":85,"column":26},"end":{"line":85,"column":42}},"loc":{"start":{"line":85,"column":26},"end":{"line":85,"column":42}},"line":85},"4":{"name":"stop","decl":{"start":{"line":86,"column":15},"end":{"line":86,"column":60}},"loc":{"start":{"line":86,"column":15},"end":{"line":86,"column":60}},"line":86}},"f":{"0":13,"1":8,"2":2,"3":1,"4":1}}
,"D:\\RS_SCHOOL\\st3\\react-course-forms\\src\\components\\SubmissionCard\\SubmissionCard.tsx": {"path":"D:\\RS_SCHOOL\\st3\\react-course-forms\\src\\components\\SubmissionCard\\SubmissionCard.tsx","all":false,"statementMap":{"0":{"start":{"line":1,"column":0},"end":{"line":1,"column":34}},"1":{"start":{"line":2,"column":0},"end":{"line":2,"column":51}},"2":{"start":{"line":3,"column":0},"end":{"line":3,"column":61}},"4":{"start":{"line":5,"column":0},"end":{"line":5,"column":45}},"13":{"start":{"line":14,"column":0},"end":{"line":14,"column":68}},"14":{"start":{"line":15,"column":0},"end":{"line":15,"column":36}},"16":{"start":{"line":17,"column":0},"end":{"line":17,"column":19}},"17":{"start":{"line":18,"column":0},"end":{"line":18,"column":23}},"18":{"start":{"line":19,"column":0},"end":{"line":19,"column":65}},"19":{"start":{"line":20,"column":0},"end":{"line":20,"column":33}},"20":{"start":{"line":21,"column":0},"end":{"line":21,"column":28}},"22":{"start":{"line":23,"column":0},"end":{"line":23,"column":10}},"23":{"start":{"line":24,"column":0},"end":{"line":24,"column":59}},"24":{"start":{"line":25,"column":0},"end":{"line":25,"column":35}},"25":{"start":{"line":26,"column":0},"end":{"line":26,"column":48}},"26":{"start":{"line":27,"column":0},"end":{"line":27,"column":13}},"27":{"start":{"line":28,"column":0},"end":{"line":28,"column":80}},"29":{"start":{"line":30,"column":0},"end":{"line":30,"column":18}},"30":{"start":{"line":31,"column":0},"end":{"line":31,"column":15}},"31":{"start":{"line":32,"column":0},"end":{"line":32,"column":15}},"33":{"start":{"line":34,"column":0},"end":{"line":34,"column":30}},"34":{"start":{"line":35,"column":0},"end":{"line":35,"column":32}},"35":{"start":{"line":36,"column":0},"end":{"line":36,"column":14}},"36":{"start":{"line":37,"column":0},"end":{"line":37,"column":32}},"37":{"start":{"line":38,"column":0},"end":{"line":38,"column":36}},"38":{"start":{"line":39,"column":0},"end":{"line":39,"column":42}},"39":{"start":{"line":40,"column":0},"end":{"line":40,"column":12}},"42":{"start":{"line":43,"column":0},"end":{"line":43,"column":31}},"43":{"start":{"line":44,"column":0},"end":{"line":44,"column":15}},"44":{"start":{"line":45,"column":0},"end":{"line":45,"column":27}},"45":{"start":{"line":46,"column":0},"end":{"line":46,"column":33}},"46":{"start":{"line":47,"column":0},"end":{"line":47,"column":16}},"47":{"start":{"line":48,"column":0},"end":{"line":48,"column":15}},"48":{"start":{"line":49,"column":0},"end":{"line":49,"column":25}},"49":{"start":{"line":50,"column":0},"end":{"line":50,"column":31}},"50":{"start":{"line":51,"column":0},"end":{"line":51,"column":16}},"51":{"start":{"line":52,"column":0},"end":{"line":52,"column":15}},"52":{"start":{"line":53,"column":0},"end":{"line":53,"column":28}},"53":{"start":{"line":54,"column":0},"end":{"line":54,"column":34}},"54":{"start":{"line":55,"column":0},"end":{"line":55,"column":16}},"55":{"start":{"line":56,"column":0},"end":{"line":56,"column":15}},"56":{"start":{"line":57,"column":0},"end":{"line":57,"column":29}},"57":{"start":{"line":58,"column":0},"end":{"line":58,"column":35}},"58":{"start":{"line":59,"column":0},"end":{"line":59,"column":16}},"59":{"start":{"line":60,"column":0},"end":{"line":60,"column":13}},"60":{"start":{"line":61,"column":0},"end":{"line":61,"column":12}},"61":{"start":{"line":62,"column":0},"end":{"line":62,"column":14}},"63":{"start":{"line":64,"column":0},"end":{"line":64,"column":1}}},"s":{"0":1,"1":1,"2":1,"4":1,"13":1,"14":6,"16":6,"17":6,"18":1,"19":1,"20":6,"22":6,"23":6,"24":6,"25":6,"26":6,"27":6,"29":6,"30":6,"31":6,"33":6,"34":6,"35":1,"36":1,"37":1,"38":1,"39":1,"42":6,"43":6,"44":6,"45":6,"46":6,"47":6,"48":6,"49":6,"50":6,"51":6,"52":6,"53":6,"54":6,"55":6,"56":6,"57":6,"58":6,"59":6,"60":6,"61":6,"63":6},"branchMap":{"0":{"type":"branch","line":14,"loc":{"start":{"line":14,"column":7},"end":{"line":64,"column":1}},"locations":[{"start":{"line":14,"column":7},"end":{"line":64,"column":1}}]},"1":{"type":"branch","line":24,"loc":{"start":{"line":24,"column":37},"end":{"line":24,"column":53}},"locations":[{"start":{"line":24,"column":37},"end":{"line":24,"column":53}}]},"2":{"type":"branch","line":24,"loc":{"start":{"line":24,"column":47},"end":{"line":24,"column":55}},"locations":[{"start":{"line":24,"column":47},"end":{"line":24,"column":55}}]},"3":{"type":"branch","line":28,"loc":{"start":{"line":28,"column":46},"end":{"line":28,"column":67}},"locations":[{"start":{"line":28,"column":46},"end":{"line":28,"column":67}}]},"4":{"type":"branch","line":28,"loc":{"start":{"line":28,"column":56},"end":{"line":28,"column":77}},"locations":[{"start":{"line":28,"column":56},"end":{"line":28,"column":77}}]},"5":{"type":"branch","line":35,"loc":{"start":{"line":35,"column":14},"end":{"line":40,"column":12}},"locations":[{"start":{"line":35,"column":14},"end":{"line":40,"column":12}}]},"6":{"type":"branch","line":17,"loc":{"start":{"line":17,"column":12},"end":{"line":21,"column":5}},"locations":[{"start":{"line":17,"column":12},"end":{"line":21,"column":5}}]},"7":{"type":"branch","line":18,"loc":{"start":{"line":18,"column":16},"end":{"line":18,"column":23}},"locations":[{"start":{"line":18,"column":16},"end":{"line":18,"column":23}}]},"8":{"type":"branch","line":18,"loc":{"start":{"line":18,"column":16},"end":{"line":20,"column":33}},"locations":[{"start":{"line":18,"column":16},"end":{"line":20,"column":33}}]},"9":{"type":"branch","line":19,"loc":{"start":{"line":19,"column":25},"end":{"line":19,"column":59}},"locations":[{"start":{"line":19,"column":25},"end":{"line":19,"column":59}}]},"10":{"type":"branch","line":20,"loc":{"start":{"line":20,"column":11},"end":{"line":20,"column":33}},"locations":[{"start":{"line":20,"column":11},"end":{"line":20,"column":33}}]}},"b":{"0":[6],"1":[1],"2":[5],"3":[4],"4":[2],"5":[1],"6":[6],"7":[5],"8":[1],"9":[1],"10":[1]},"fnMap":{"0":{"name":"SubmissionCard","decl":{"start":{"line":14,"column":7},"end":{"line":64,"column":1}},"loc":{"start":{"line":14,"column":7},"end":{"line":64,"column":1}},"line":14}},"f":{"0":6}}
,"D:\\RS_SCHOOL\\st3\\react-course-forms\\src\\components\\SubmissionsList\\SubmissionsList.tsx": {"path":"D:\\RS_SCHOOL\\st3\\react-course-forms\\src\\components\\SubmissionsList\\SubmissionsList.tsx","all":false,"statementMap":{"1":{"start":{"line":2,"column":0},"end":{"line":2,"column":51}},"2":{"start":{"line":3,"column":0},"end":{"line":3,"column":46}},"8":{"start":{"line":9,"column":0},"end":{"line":9,"column":51}},"9":{"start":{"line":10,"column":0},"end":{"line":10,"column":22}},"10":{"start":{"line":11,"column":0},"end":{"line":11,"column":12}},"11":{"start":{"line":12,"column":0},"end":{"line":12,"column":31}},"12":{"start":{"line":13,"column":0},"end":{"line":13,"column":35}},"14":{"start":{"line":15,"column":0},"end":{"line":15,"column":12}},"15":{"start":{"line":16,"column":0},"end":{"line":16,"column":12}},"17":{"start":{"line":18,"column":0},"end":{"line":18,"column":3}},"19":{"start":{"line":20,"column":0},"end":{"line":20,"column":10}},"20":{"start":{"line":21,"column":0},"end":{"line":21,"column":28}},"21":{"start":{"line":22,"column":0},"end":{"line":22,"column":25}},"22":{"start":{"line":23,"column":0},"end":{"line":23,"column":23}},"23":{"start":{"line":24,"column":0},"end":{"line":24,"column":20}},"24":{"start":{"line":25,"column":0},"end":{"line":25,"column":19}},"25":{"start":{"line":26,"column":0},"end":{"line":26,"column":27}},"26":{"start":{"line":27,"column":0},"end":{"line":27,"column":23}},"27":{"start":{"line":28,"column":0},"end":{"line":28,"column":25}},"28":{"start":{"line":29,"column":0},"end":{"line":29,"column":10}},"29":{"start":{"line":30,"column":0},"end":{"line":30,"column":9}},"30":{"start":{"line":31,"column":0},"end":{"line":31,"column":10}},"32":{"start":{"line":33,"column":0},"end":{"line":33,"column":1}}},"s":{"1":1,"2":1,"8":1,"9":8,"10":7,"11":7,"12":7,"14":7,"15":7,"17":7,"19":1,"20":1,"21":1,"22":2,"23":2,"24":2,"25":2,"26":2,"27":2,"28":2,"29":1,"30":1,"32":1},"branchMap":{"0":{"type":"branch","line":9,"loc":{"start":{"line":9,"column":7},"end":{"line":33,"column":1}},"locations":[{"start":{"line":9,"column":7},"end":{"line":33,"column":1}}]},"1":{"type":"branch","line":10,"loc":{"start":{"line":10,"column":21},"end":{"line":33,"column":1}},"locations":[{"start":{"line":10,"column":21},"end":{"line":33,"column":1}}]},"2":{"type":"branch","line":18,"loc":{"start":{"line":18,"column":2},"end":{"line":33,"column":1}},"locations":[{"start":{"line":18,"column":2},"end":{"line":33,"column":1}}]},"3":{"type":"branch","line":22,"loc":{"start":{"line":22,"column":17},"end":{"line":29,"column":10}},"locations":[{"start":{"line":22,"column":17},"end":{"line":29,"column":10}}]}},"b":{"0":[8],"1":[7],"2":[1],"3":[2]},"fnMap":{"0":{"name":"SubmissionsList","decl":{"start":{"line":9,"column":7},"end":{"line":33,"column":1}},"loc":{"start":{"line":9,"column":7},"end":{"line":33,"column":1}},"line":9}},"f":{"0":8}}
,"D:\\RS_SCHOOL\\st3\\react-course-forms\\src\\store\\hooks.ts": {"path":"D:\\RS_SCHOOL\\st3\\react-course-forms\\src\\store\\hooks.ts","all":false,"statementMap":{"0":{"start":{"line":1,"column":0},"end":{"line":1,"column":55}},"4":{"start":{"line":5,"column":0},"end":{"line":5,"column":61}},"5":{"start":{"line":6,"column":0},"end":{"line":6,"column":75}}},"s":{"0":1,"4":1,"5":1},"branchMap":{},"b":{},"fnMap":{},"f":{}}
,"D:\\RS_SCHOOL\\st3\\react-course-forms\\src\\store\\store.ts": {"path":"D:\\RS_SCHOOL\\st3\\react-course-forms\\src\\store\\store.ts","all":false,"statementMap":{"0":{"start":{"line":1,"column":0},"end":{"line":1,"column":50}},"1":{"start":{"line":2,"column":0},"end":{"line":2,"column":47}},"2":{"start":{"line":3,"column":0},"end":{"line":3,"column":55}},"4":{"start":{"line":5,"column":0},"end":{"line":5,"column":37}},"5":{"start":{"line":6,"column":0},"end":{"line":6,"column":12}},"6":{"start":{"line":7,"column":0},"end":{"line":7,"column":24}},"7":{"start":{"line":8,"column":0},"end":{"line":8,"column":32}},"8":{"start":{"line":9,"column":0},"end":{"line":9,"column":4}},"9":{"start":{"line":10,"column":0},"end":{"line":10,"column":3}}},"s":{"0":1,"1":1,"2":1,"4":1,"5":1,"6":1,"7":1,"8":1,"9":1},"branchMap":{},"b":{},"fnMap":{},"f":{}}
,"D:\\RS_SCHOOL\\st3\\react-course-forms\\src\\store\\slices\\countriesSlice.ts": {"path":"D:\\RS_SCHOOL\\st3\\react-course-forms\\src\\store\\slices\\countriesSlice.ts","all":false,"statementMap":{"0":{"start":{"line":1,"column":0},"end":{"line":1,"column":47}},"6":{"start":{"line":7,"column":0},"end":{"line":7,"column":38}},"7":{"start":{"line":8,"column":0},"end":{"line":8,"column":9}},"8":{"start":{"line":9,"column":0},"end":{"line":9,"column":20}},"9":{"start":{"line":10,"column":0},"end":{"line":10,"column":13}},"10":{"start":{"line":11,"column":0},"end":{"line":11,"column":21}},"11":{"start":{"line":12,"column":0},"end":{"line":12,"column":14}},"12":{"start":{"line":13,"column":0},"end":{"line":13,"column":13}},"13":{"start":{"line":14,"column":0},"end":{"line":14,"column":12}},"14":{"start":{"line":15,"column":0},"end":{"line":15,"column":12}},"15":{"start":{"line":16,"column":0},"end":{"line":16,"column":13}},"16":{"start":{"line":17,"column":0},"end":{"line":17,"column":13}},"17":{"start":{"line":18,"column":0},"end":{"line":18,"column":13}},"18":{"start":{"line":19,"column":0},"end":{"line":19,"column":4}},"19":{"start":{"line":20,"column":0},"end":{"line":20,"column":2}},"21":{"start":{"line":22,"column":0},"end":{"line":22,"column":36}},"22":{"start":{"line":23,"column":0},"end":{"line":23,"column":20}},"23":{"start":{"line":24,"column":0},"end":{"line":24,"column":15}},"24":{"start":{"line":25,"column":0},"end":{"line":25,"column":15}},"25":{"start":{"line":26,"column":0},"end":{"line":26,"column":3}},"27":{"start":{"line":28,"column":0},"end":{"line":28,"column":38}}},"s":{"0":1,"6":1,"7":1,"8":1,"9":1,"10":1,"11":1,"12":1,"13":1,"14":1,"15":1,"16":1,"17":1,"18":1,"19":1,"21":1,"22":1,"23":1,"24":1,"25":1,"27":1},"branchMap":{},"b":{},"fnMap":{},"f":{}}
,"D:\\RS_SCHOOL\\st3\\react-course-forms\\src\\store\\slices\\formsSlice.ts": {"path":"D:\\RS_SCHOOL\\st3\\react-course-forms\\src\\store\\slices\\formsSlice.ts","all":false,"statementMap":{"0":{"start":{"line":1,"column":0},"end":{"line":1,"column":55}},"18":{"start":{"line":19,"column":0},"end":{"line":19,"column":34}},"19":{"start":{"line":20,"column":0},"end":{"line":20,"column":18}},"20":{"start":{"line":21,"column":0},"end":{"line":21,"column":2}},"22":{"start":{"line":23,"column":0},"end":{"line":23,"column":32}},"23":{"start":{"line":24,"column":0},"end":{"line":24,"column":16}},"24":{"start":{"line":25,"column":0},"end":{"line":25,"column":15}},"25":{"start":{"line":26,"column":0},"end":{"line":26,"column":13}},"26":{"start":{"line":27,"column":0},"end":{"line":27,"column":20}},"27":{"start":{"line":28,"column":0},"end":{"line":28,"column":12}},"28":{"start":{"line":29,"column":0},"end":{"line":29,"column":67}},"29":{"start":{"line":30,"column":0},"end":{"line":30,"column":10}},"30":{"start":{"line":31,"column":0},"end":{"line":31,"column":33}},"31":{"start":{"line":32,"column":0},"end":{"line":32,"column":21}},"32":{"start":{"line":33,"column":0},"end":{"line":33,"column":38}},"33":{"start":{"line":34,"column":0},"end":{"line":34,"column":34}},"34":{"start":{"line":35,"column":0},"end":{"line":35,"column":30}},"35":{"start":{"line":36,"column":0},"end":{"line":36,"column":20}},"36":{"start":{"line":37,"column":0},"end":{"line":37,"column":9}},"37":{"start":{"line":38,"column":0},"end":{"line":38,"column":6}},"38":{"start":{"line":39,"column":0},"end":{"line":39,"column":61}},"39":{"start":{"line":40,"column":0},"end":{"line":40,"column":74}},"40":{"start":{"line":41,"column":0},"end":{"line":41,"column":35}},"41":{"start":{"line":42,"column":0},"end":{"line":42,"column":6}},"42":{"start":{"line":43,"column":0},"end":{"line":43,"column":4}},"43":{"start":{"line":44,"column":0},"end":{"line":44,"column":3}},"45":{"start":{"line":46,"column":0},"end":{"line":46,"column":66}},"46":{"start":{"line":47,"column":0},"end":{"line":47,"column":34}}},"s":{"0":1,"18":1,"19":1,"20":1,"22":1,"23":1,"24":1,"25":1,"26":1,"27":3,"28":3,"29":3,"30":3,"31":3,"32":3,"33":3,"34":3,"35":3,"36":3,"37":3,"38":1,"39":1,"40":1,"41":1,"42":1,"43":1,"45":1,"46":1},"branchMap":{"0":{"type":"branch","line":27,"loc":{"start":{"line":27,"column":19},"end":{"line":38,"column":6}},"locations":[{"start":{"line":27,"column":19},"end":{"line":38,"column":6}}]},"1":{"type":"branch","line":39,"loc":{"start":{"line":39,"column":18},"end":{"line":42,"column":6}},"locations":[{"start":{"line":39,"column":18},"end":{"line":42,"column":6}}]},"2":{"type":"branch","line":41,"loc":{"start":{"line":41,"column":16},"end":{"line":41,"column":35}},"locations":[{"start":{"line":41,"column":16},"end":{"line":41,"column":35}}]}},"b":{"0":[3],"1":[1],"2":[0]},"fnMap":{"0":{"name":"addSubmission","decl":{"start":{"line":27,"column":19},"end":{"line":38,"column":6}},"loc":{"start":{"line":27,"column":19},"end":{"line":38,"column":6}},"line":27},"1":{"name":"clearNewFlag","decl":{"start":{"line":39,"column":18},"end":{"line":42,"column":6}},"loc":{"start":{"line":39,"column":18},"end":{"line":42,"column":6}},"line":39}},"f":{"0":3,"1":1}}
,"D:\\RS_SCHOOL\\st3\\react-course-forms\\src\\utils\\countryFilter.ts": {"path":"D:\\RS_SCHOOL\\st3\\react-course-forms\\src\\utils\\countryFilter.ts","all":false,"statementMap":{"0":{"start":{"line":1,"column":0},"end":{"line":1,"column":32}},"1":{"start":{"line":2,"column":0},"end":{"line":2,"column":16}},"2":{"start":{"line":3,"column":0},"end":{"line":3,"column":17}},"3":{"start":{"line":4,"column":0},"end":{"line":4,"column":11}},"4":{"start":{"line":5,"column":0},"end":{"line":5,"column":13}},"5":{"start":{"line":6,"column":0},"end":{"line":6,"column":39}},"6":{"start":{"line":7,"column":0},"end":{"line":7,"column":38}},"7":{"start":{"line":8,"column":0},"end":{"line":8,"column":73}},"8":{"start":{"line":9,"column":0},"end":{"line":9,"column":1}}},"s":{"0":1,"1":3,"2":3,"3":3,"4":3,"5":3,"6":3,"7":2,"8":2},"branchMap":{"0":{"type":"branch","line":1,"loc":{"start":{"line":1,"column":7},"end":{"line":9,"column":1}},"locations":[{"start":{"line":1,"column":7},"end":{"line":9,"column":1}}]},"1":{"type":"branch","line":7,"loc":{"start":{"line":7,"column":10},"end":{"line":7,"column":38}},"locations":[{"start":{"line":7,"column":10},"end":{"line":7,"column":38}}]},"2":{"type":"branch","line":7,"loc":{"start":{"line":7,"column":36},"end":{"line":9,"column":1}},"locations":[{"start":{"line":7,"column":36},"end":{"line":9,"column":1}}]},"3":{"type":"branch","line":8,"loc":{"start":{"line":8,"column":21},"end":{"line":8,"column":55}},"locations":[{"start":{"line":8,"column":21},"end":{"line":8,"column":55}}]}},"b":{"0":[3],"1":[1],"2":[2],"3":[20]},"fnMap":{"0":{"name":"filterCountries","decl":{"start":{"line":1,"column":7},"end":{"line":9,"column":1}},"loc":{"start":{"line":1,"column":7},"end":{"line":9,"column":1}},"line":1}},"f":{"0":3}}
,"D:\\RS_SCHOOL\\st3\\react-course-forms\\src\\utils\\fileToBase64.ts": {"path":"D:\\RS_SCHOOL\\st3\\react-course-forms\\src\\utils\\fileToBase64.ts","all":false,"statementMap":{"0":{"start":{"line":1,"column":0},"end":{"line":1,"column":44}},"2":{"start":{"line":3,"column":0},"end":{"line":3,"column":76}},"3":{"start":{"line":4,"column":0},"end":{"line":4,"column":37}},"4":{"start":{"line":5,"column":0},"end":{"line":5,"column":52}},"5":{"start":{"line":6,"column":0},"end":{"line":6,"column":3}},"6":{"start":{"line":7,"column":0},"end":{"line":7,"column":29}},"7":{"start":{"line":8,"column":0},"end":{"line":8,"column":51}},"8":{"start":{"line":9,"column":0},"end":{"line":9,"column":3}},"9":{"start":{"line":10,"column":0},"end":{"line":10,"column":65}},"10":{"start":{"line":11,"column":0},"end":{"line":11,"column":36}},"11":{"start":{"line":12,"column":0},"end":{"line":12,"column":57}},"12":{"start":{"line":13,"column":0},"end":{"line":13,"column":28}},"13":{"start":{"line":14,"column":0},"end":{"line":14,"column":31}},"14":{"start":{"line":15,"column":0},"end":{"line":15,"column":5}},"15":{"start":{"line":16,"column":0},"end":{"line":16,"column":16}},"16":{"start":{"line":17,"column":0},"end":{"line":17,"column":1}}},"s":{"0":1,"2":3,"3":3,"4":1,"5":1,"6":3,"7":1,"8":1,"9":1,"10":1,"11":1,"12":1,"13":1,"14":1,"15":1,"16":1},"branchMap":{"0":{"type":"branch","line":3,"loc":{"start":{"line":3,"column":0},"end":{"line":17,"column":1}},"locations":[{"start":{"line":3,"column":0},"end":{"line":17,"column":1}}]},"1":{"type":"branch","line":4,"loc":{"start":{"line":4,"column":36},"end":{"line":6,"column":3}},"locations":[{"start":{"line":4,"column":36},"end":{"line":6,"column":3}}]},"2":{"type":"branch","line":6,"loc":{"start":{"line":6,"column":2},"end":{"line":7,"column":28}},"locations":[{"start":{"line":6,"column":2},"end":{"line":7,"column":28}}]},"3":{"type":"branch","line":7,"loc":{"start":{"line":7,"column":28},"end":{"line":17,"column":1}},"locations":[{"start":{"line":7,"column":28},"end":{"line":17,"column":1}}]},"4":{"type":"branch","line":10,"loc":{"start":{"line":10,"column":43},"end":{"line":15,"column":3}},"locations":[{"start":{"line":10,"column":43},"end":{"line":15,"column":3}}]},"5":{"type":"branch","line":12,"loc":{"start":{"line":12,"column":20},"end":{"line":12,"column":57}},"locations":[{"start":{"line":12,"column":20},"end":{"line":12,"column":57}}]}},"b":{"0":[3],"1":[1],"2":[2],"3":[1],"4":[1],"5":[1]},"fnMap":{"0":{"name":"fileToBase64","decl":{"start":{"line":3,"column":0},"end":{"line":17,"column":1}},"loc":{"start":{"line":3,"column":0},"end":{"line":17,"column":1}},"line":3},"1":{"name":"base64","decl":{"start":{"line":10,"column":43},"end":{"line":15,"column":3}},"loc":{"start":{"line":10,"column":43},"end":{"line":15,"column":3}},"line":10},"2":{"name":"reader.onload","decl":{"start":{"line":12,"column":20},"end":{"line":12,"column":57}},"loc":{"start":{"line":12,"column":20},"end":{"line":12,"column":57}},"line":12}},"f":{"0":3,"1":1,"2":1}}
,"D:\\RS_SCHOOL\\st3\\react-course-forms\\src\\utils\\passwordStrength.ts": {"path":"D:\\RS_SCHOOL\\st3\\react-course-forms\\src\\utils\\passwordStrength.ts","all":false,"statementMap":{"0":{"start":{"line":1,"column":0},"end":{"line":1,"column":53}},"1":{"start":{"line":2,"column":0},"end":{"line":2,"column":12}},"2":{"start":{"line":3,"column":0},"end":{"line":3,"column":24}},"3":{"start":{"line":4,"column":0},"end":{"line":4,"column":27}},"4":{"start":{"line":5,"column":0},"end":{"line":5,"column":27}},"5":{"start":{"line":6,"column":0},"end":{"line":6,"column":34}},"6":{"start":{"line":7,"column":0},"end":{"line":7,"column":11}},"7":{"start":{"line":8,"column":0},"end":{"line":8,"column":1}},"9":{"start":{"line":10,"column":0},"end":{"line":10,"column":33}},"10":{"start":{"line":11,"column":0},"end":{"line":11,"column":15}},"11":{"start":{"line":12,"column":0},"end":{"line":12,"column":48}},"12":{"start":{"line":13,"column":0},"end":{"line":13,"column":33}},"13":{"start":{"line":14,"column":0},"end":{"line":14,"column":33}},"14":{"start":{"line":15,"column":0},"end":{"line":15,"column":31}},"15":{"start":{"line":16,"column":0},"end":{"line":16,"column":33}},"16":{"start":{"line":17,"column":0},"end":{"line":17,"column":18}},"17":{"start":{"line":18,"column":0},"end":{"line":18,"column":1}}},"s":{"0":1,"1":103,"2":103,"3":103,"4":103,"5":103,"6":103,"7":103,"9":1,"10":103,"11":103,"12":103,"13":100,"14":100,"15":100,"16":44,"17":44},"branchMap":{"0":{"type":"branch","line":1,"loc":{"start":{"line":1,"column":7},"end":{"line":8,"column":1}},"locations":[{"start":{"line":1,"column":7},"end":{"line":8,"column":1}}]},"1":{"type":"branch","line":3,"loc":{"start":{"line":3,"column":20},"end":{"line":3,"column":24}},"locations":[{"start":{"line":3,"column":20},"end":{"line":3,"column":24}}]},"2":{"type":"branch","line":4,"loc":{"start":{"line":4,"column":23},"end":{"line":4,"column":27}},"locations":[{"start":{"line":4,"column":23},"end":{"line":4,"column":27}}]},"3":{"type":"branch","line":5,"loc":{"start":{"line":5,"column":23},"end":{"line":5,"column":27}},"locations":[{"start":{"line":5,"column":23},"end":{"line":5,"column":27}}]},"4":{"type":"branch","line":6,"loc":{"start":{"line":6,"column":30},"end":{"line":6,"column":34}},"locations":[{"start":{"line":6,"column":30},"end":{"line":6,"column":34}}]},"5":{"type":"branch","line":10,"loc":{"start":{"line":10,"column":7},"end":{"line":18,"column":1}},"locations":[{"start":{"line":10,"column":7},"end":{"line":18,"column":1}}]},"6":{"type":"branch","line":13,"loc":{"start":{"line":13,"column":18},"end":{"line":13,"column":33}},"locations":[{"start":{"line":13,"column":18},"end":{"line":13,"column":33}}]},"7":{"type":"branch","line":13,"loc":{"start":{"line":13,"column":25},"end":{"line":18,"column":1}},"locations":[{"start":{"line":13,"column":25},"end":{"line":18,"column":1}}]},"8":{"type":"branch","line":13,"loc":{"start":{"line":13,"column":25},"end":{"line":14,"column":26}},"locations":[{"start":{"line":13,"column":25},"end":{"line":14,"column":26}}]},"9":{"type":"branch","line":14,"loc":{"start":{"line":14,"column":19},"end":{"line":14,"column":33}},"locations":[{"start":{"line":14,"column":19},"end":{"line":14,"column":33}}]},"10":{"type":"branch","line":14,"loc":{"start":{"line":14,"column":26},"end":{"line":15,"column":26}},"locations":[{"start":{"line":14,"column":26},"end":{"line":15,"column":26}}]},"11":{"type":"branch","line":15,"loc":{"start":{"line":15,"column":19},"end":{"line":15,"column":31}},"locations":[{"start":{"line":15,"column":19},"end":{"line":15,"column":31}}]},"12":{"type":"branch","line":15,"loc":{"start":{"line":15,"column":26},"end":{"line":16,"column":26}},"locations":[{"start":{"line":15,"column":26},"end":{"line":16,"column":26}}]},"13":{"type":"branch","line":16,"loc":{"start":{"line":16,"column":19},"end":{"line":18,"column":1}},"locations":[{"start":{"line":16,"column":19},"end":{"line":18,"column":1}}]},"14":{"type":"branch","line":16,"loc":{"start":{"line":16,"column":19},"end":{"line":16,"column":33}},"locations":[{"start":{"line":16,"column":19},"end":{"line":16,"column":33}}]},"15":{"type":"branch","line":16,"loc":{"start":{"line":16,"column":26},"end":{"line":18,"column":1}},"locations":[{"start":{"line":16,"column":26},"end":{"line":18,"column":1}}]}},"b":{"0":[103],"1":[51],"2":[67],"3":[59],"4":[44],"5":[103],"6":[35],"7":[100],"8":[68],"9":[10],"10":[58],"11":[7],"12":[51],"13":[96],"14":[7],"15":[44]},"fnMap":{"0":{"name":"getPasswordScore","decl":{"start":{"line":1,"column":7},"end":{"line":8,"column":1}},"loc":{"start":{"line":1,"column":7},"end":{"line":8,"column":1}},"line":1},"1":{"name":"getPasswordLabel","decl":{"start":{"line":10,"column":7},"end":{"line":18,"column":1}},"loc":{"start":{"line":10,"column":7},"end":{"line":18,"column":1}},"line":10}},"f":{"0":103,"1":103}}
}
